         w __deregister_frame_info
         w __register_frame_info
         w __syscall_lock_close_recursive
         w userAppExit
         w userAppInit
00000000 b _TLS_MODULE_BASE_
00000000 00000802 B __ctru_dev_utf16_buf
00000000 a shift
00000000 a shift
00000804 00000401 B __ctru_dev_path_buf
00100000 A __start__
00100000 T _start
00100008 T __service_ptr
0010000c T __apt_appid
00100010 T __heap_size
00100014 T __linear_heap_size
00100018 T __system_arglist
0010001c T __system_runflags
00100020 t startup
00100058 t ClearMem
0010006c t ClrLoop
00100094 T _init
001000ac t .udivsi3_skip_div0_test
001000ac T __aeabi_uidiv
001000ac 000001ec T __udivsi3
00100298 00000020 T __aeabi_uidivmod
001002b8 T __aeabi_idiv
001002b8 00000220 T __divsi3
001002c0 t .divsi3_skip_div0_test
001004d8 00000020 T __aeabi_idivmod
001004f8 00000004 W __aeabi_idiv0
001004f8 00000004 W __aeabi_ldiv0
001004fc T __aeabi_drsub
00100504 000002b0 T __aeabi_dsub
00100504 000002b0 T __subdf3
00100508 000002ac T __adddf3
00100508 000002ac T __aeabi_dadd
001007b4 00000024 T __aeabi_ui2d
001007b4 00000024 T __floatunsidf
001007d8 00000028 T __aeabi_i2d
001007d8 00000028 T __floatsidf
00100800 00000048 T __aeabi_f2d
00100800 00000048 T __extendsfdf2
00100848 00000074 T __aeabi_ul2d
00100848 00000074 T __floatundidf
0010085c 00000060 T __aeabi_l2d
0010085c 00000060 T __floatdidf
001008bc T __aeabi_uldivmod
001008f8 00000014 T setjmp
0010090c 00000018 T longjmp
00100948 00000390 T strcmp
00100cd0 t __do_global_dtors_aux
00100d10 t frame_dummy
00100d3c 00000030 T Chase_Init
00100d70 00000188 T Chase_Update
00100ef8 000000ac T CL_WriteDemoMessage
00100fa4 0000007c T CL_Stop_f
00101020 000001ac T CL_Record_f
001011cc 00000120 T CL_PlayDemo_f
001012ec 0000009c T CL_FinishTimeDemo
00101388 00000220 T CL_GetMessage
001015a8 00000048 T CL_StopPlayback
001015f0 00000060 T CL_TimeDemo_f
00101650 00000020 T IN_Impulse
00101670 00000080 T IN_KLookDown
001016f0 00000080 T IN_MLookDown
00101770 00000080 T IN_JumpDown
001017f0 00000080 T IN_UpDown
00101870 00000080 T IN_DownDown
001018f0 00000080 T IN_SpeedDown
00101970 00000080 T IN_StrafeDown
001019f0 00000080 T IN_AttackDown
00101a70 00000080 T IN_UseDown
00101af0 00000080 T IN_LeftDown
00101b70 00000080 T IN_RightDown
00101bf0 00000080 T IN_ForwardDown
00101c70 00000080 T IN_BackDown
00101cf0 00000080 T IN_LookupDown
00101d70 00000080 T IN_LookdownDown
00101df0 00000080 T IN_MoveleftDown
00101e70 00000080 T IN_MoverightDown
00101ef0 00000094 T IN_AttackUp
00101f84 00000094 T IN_BackUp
00102018 00000094 T IN_UpUp
001020ac 00000094 T IN_DownUp
00102140 00000094 T IN_ForwardUp
001021d4 00000094 T IN_LookdownUp
00102268 00000094 T IN_SpeedUp
001022fc 00000094 T IN_StrafeUp
00102390 00000094 T IN_JumpUp
00102424 00000094 T IN_UseUp
001024b8 00000094 T IN_MoverightUp
0010254c 00000094 T IN_LookupUp
001025e0 00000094 T IN_LeftUp
00102674 00000094 T IN_RightUp
00102708 00000094 T IN_KLookUp
0010279c 00000094 T IN_MoveleftUp
00102830 0000008c T KeyUp
001028bc 00000040 T IN_MLookUp
001028fc 000000f4 T CL_KeyState
001029f0 0000035c T CL_AdjustAngles
00102d4c 00000128 T CL_BaseMove
00102e74 00000160 T CL_SendMove
00102fd4 000002c4 T CL_InitInput
00103298 000000d8 T CL_PrintEntities_f
00103370 000000f4 T CL_ClearState
00103464 000000d8 T CL_Disconnect
0010353c 00000028 T CL_Disconnect_f
00103564 00000080 T CL_EstablishConnection
001035e4 00000154 T CL_SignonReply
00103738 000000c4 T CL_NextDemo
001037fc 000000f0 T CL_AllocDlight
001038ec 00000078 T CL_DecayLights
00103968 00000104 T CL_LerpPoint
00103a70 00000564 T CL_RelinkEntities
00103fd4 000000b0 T CL_ReadFromServer
00104084 000000e4 T CL_SendCmd
00104168 00000158 T CL_Init
001042c0 00000100 T CL_ParseStartSoundPacket
001043c0 00000148 T CL_KeepaliveMessage
00104508 00000270 T CL_ParseServerInfo
00104778 000004ac T CL_ParseUpdate
00104c24 0000004c T CL_ParseBaseline
00104c70 0000027c T CL_ParseClientdata
00104eec 00000130 T CL_NewTranslation
0010501c 000000d8 T CL_ParseStatic
001050f4 00000068 T CL_ParseStaticSound
0010515c 000006a0 T CL_ParseServerMessage
001057fc 00000098 T CL_InitTEnts
00105898 00000134 T CL_ParseBeam
001059d0 000003e0 T CL_ParseTEnt
00105db0 00000094 T CL_NewTempEntity
00105e48 000002a4 T CL_UpdateTEnts
001060ec 00000014 T Cmd_Wait_f
00106100 00000064 T Cmd_Echo_f
00106164 000000e0 T Cmd_ForwardToServer
00106244 000001bc T Cmd_Alias_f
00106400 00000010 T Cbuf_Init
00106410 00000054 T Cbuf_AddText
00106464 00000068 T Cbuf_InsertText
001064cc 000001f0 T Cmd_StuffCmds_f
001066bc 0000009c T Cmd_Exec_f
00106758 00000010 T Cmd_Argc
00106768 00000024 T Cmd_Argv
0010678c 00000010 T Cmd_Args
0010679c 000000f0 T Cmd_TokenizeString
0010688c 000000bc T Cmd_AddCommand
00106948 00000080 T Cmd_Init
001069c8 00000050 T Cmd_Exists
00106a18 00000060 T Cmd_CompleteCommand
00106a78 000000c8 T Cmd_ExecuteString
00106b40 00000124 T Cbuf_Execute
00106c64 00000008 T ShortSwap
00106c6c 00000004 T ShortNoSwap
00106c70 00000008 T LongSwap
00106c78 00000004 T LongNoSwap
00106c7c 00000028 T FloatSwap
00106ca4 00000004 T FloatNoSwap
00106ca8 0000006c T COM_Path_f
00106d14 0000000c T ClearLink
00106d20 00000014 T RemoveLink
00106d34 0000001c T InsertLinkBefore
00106d50 0000005c T Q_memset
00106dac 00000068 T Q_memcpy
00106e14 00000028 T Q_strcpy
00106e3c 00000080 T Q_strncpy
00106ebc 00000028 T Q_strlen
00106ee4 00000050 T Q_strrchr
00106f34 0000004c T Q_strcat
00106f80 0000003c T Q_strcmp
00106fbc 00000060 T Q_strncmp
0010701c 0000008c T Q_strncasecmp
001070a8 00000088 T Q_strcasecmp
00107130 000000d8 T Q_atoi
00107208 000001b0 T Q_atof
001073b8 0000008c T MSG_WriteChar
00107444 0000008c T MSG_WriteByte
001074d0 0000009c T MSG_WriteShort
0010756c 00000090 T MSG_WriteLong
001075fc 000000ac T MSG_WriteCoord
001076a8 000000b0 T MSG_WriteAngle
00107758 00000018 T MSG_BeginReading
00107770 0000003c T MSG_ReadChar
001077ac 0000003c T MSG_ReadByte
001077e8 00000058 T MSG_ReadShort
00107840 00000064 T MSG_ReadLong
001078a4 00000038 T MSG_ReadFloat
001078dc 00000094 T MSG_ReadString
00107970 0000007c T MSG_ReadCoord
001079f0 00000064 T MSG_ReadAngle
00107a54 00000034 T SZ_Alloc
00107a88 0000000c T SZ_Clear
00107a94 00000090 T SZ_GetSpace
00107b24 00000048 T MSG_WriteFloat
00107b6c 00000058 T MSG_WriteString
00107bc4 000000a0 T SZ_Write
00107c64 00000080 T SZ_Print
00107ce4 00000030 T COM_StripExtension
00107d14 00000094 T COM_FileExtension
00107da8 000000b4 T COM_FileBase
00107e5c 00000050 T COM_DefaultExtension
00107eac 000001a8 T COM_Parse
00108054 00000070 T COM_CheckParm
001080c4 000001b0 T COM_InitArgv
00108274 0000003c T va
001082b0 00000088 T COM_WriteFile
00108338 000000ec T COM_CopyFile
00108424 00000300 T COM_FindFile
00108724 00000148 T COM_CheckRegistered
0010886c 0000000c T COM_FOpenFile
00108878 00000160 T COM_LoadFile
001089d8 00000008 T COM_LoadHunkFile
001089e0 00000008 T COM_LoadTempFile
001089e8 0000001c T COM_LoadStackFile
00108a04 000001f8 T COM_LoadPackFile
00108bfc 0000009c T COM_AddGameDirectory
00108c98 000002dc T COM_InitFilesystem
00108f74 0000009c T COM_Init
00109010 00000024 T Con_MessageMode_f
00109034 00000024 T Con_MessageMode2_f
00109058 00000094 T Con_ToggleConsole_f
001090ec 00000020 T Con_Clear_f
0010910c 00000020 T Con_ClearNotify
0010912c 0000014c T Con_CheckResize
00109278 000001b4 T Con_Print
0010942c 00000078 T Con_DebugLog
001094a4 000000ec T Con_Printf
00109590 000000e0 T Con_Init
00109670 0000006c T Con_DPrintf
001096dc 00000064 T Con_SafePrintf
00109740 00000118 T Con_DrawInput
00109858 000001cc T Con_DrawNotify
00109a24 000000b4 T Con_DrawConsole
00109ad8 0000000c T CRC_Init
00109ae4 00000024 T CRC_ProcessByte
00109b08 00000054 T Cvar_FindVar
00109b5c 00000058 T Cvar_VariableValue
00109bb4 00000058 T Cvar_VariableString
00109c0c 00000060 T Cvar_CompleteVariable
00109c6c 000000d4 T Cvar_Set
00109d40 00000038 T Cvar_SetValue
00109d78 000000bc T Cvar_RegisterVariable
00109e34 00000094 T Cvar_Command
00109ec8 00000054 T Cvar_WriteVariables
00109f1c 00000198 T Host_FindMaxClients
0010a0b4 000000a8 T Host_InitLocal
0010a15c 00000080 T Host_WriteConfiguration
0010a1dc 00000064 T SV_ClientPrintf
0010a240 000000b8 T SV_BroadcastPrintf
0010a2f8 00000064 T Host_ClientCommands
0010a35c 000001f8 T SV_DropClient
0010a558 000001f8 t Host_ShutdownServer.part.0
0010a750 000000a4 T Host_EndGame
0010a7f4 000000d0 T Host_Error
0010a8c4 00000018 T Host_ShutdownServer
0010a8dc 00000078 T Host_ClearMemory
0010a958 000000c4 T Host_FilterTime
0010aa1c 00000078 T Host_ServerFrame
0010aa98 00000234 T _Host_Frame
0010acd0 00000108 T Host_Frame
0010add8 00000268 T Host_InitVCR
0010b040 0000021c T Host_Init
0010b25c 00000068 T Host_Shutdown
0010b2c4 00000044 T Host_Quit_f
0010b308 00000030 T Host_Version_f
0010b338 0000009c T Host_God_f
0010b3d4 0000009c T Host_Notarget_f
0010b470 000000b4 T Host_Noclip_f
0010b524 00000098 T Host_Fly_f
0010b5bc 000000e0 T Host_Ping_f
0010b69c 00000214 T Host_Status_f
0010b8b0 0000001c T Host_Reconnect_f
0010b8cc 0000016c T Host_Map_f
0010ba38 00000060 T Host_Connect_f
0010ba98 000003ec T Host_Loadgame_f
0010be84 000001b8 T Host_Name_f
0010c03c 00000164 T Host_Color_f
0010c1a0 00000094 T Host_PreSpawn_f
0010c234 00000468 T Host_Spawn_f
0010c69c 00000268 T Host_Kick_f
0010c904 00000038 T Host_Begin_f
0010c93c 00000060 T Host_Restart_f
0010c99c 00000080 T Host_Changelevel_f
0010ca1c 00000030 T Host_Stopdemo_f
0010ca4c 0000016c T Host_Tell_f
0010cbb8 00000074 T Host_Kill_f
0010cc2c 000000ac T Host_Pause_f
0010ccd8 00000544 T Host_Give_f
0010d21c 000000f4 T Host_Startdemos_f
0010d310 00000034 T Host_Demos_f
0010d344 00000098 T Host_SavegameComment
0010d3dc 000002f0 T Host_Savegame_f
0010d6cc 00000210 T Host_Say
0010d8dc 00000008 T Host_Say_f
0010d8e4 00000008 T Host_Say_Team_f
0010d8ec 00000088 T FindViewthing
0010d974 0000006c T Host_Viewmodel_f
0010d9e0 00000054 T Host_Viewframe_f
0010da34 000000a4 T Host_Viewnext_f
0010dad8 00000088 T Host_Viewprev_f
0010db60 000002c4 T Host_InitCommands
0010de24 00000350 T Key_Console
0010e174 000000dc T Key_Message
0010e250 00000068 T Key_StringToKeynum
0010e2b8 00000078 T Key_KeynumToString
0010e330 0000006c T Key_SetBinding
0010e39c 00000060 T Key_Unbind_f
0010e3fc 00000044 T Key_Unbindall_f
0010e440 00000104 T Key_Bind_f
0010e544 000000d8 T Key_WriteBindings
0010e61c 000001c0 T Key_Init
0010e7dc 0000034c T Key_Event
0010eb28 00000070 T ProjectPointOnPlane
0010eb98 00000040 T anglemod
0010ebd8 00000178 T BoxOnPlaneSide
0010ed50 00000120 T AngleVectors
0010ee70 00000034 T VectorMA
0010eea4 00000058 T CrossProduct
0010eefc 00000050 T Length
0010ef4c 0000008c T VectorNormalize
0010efd8 0000008c T PerpendicularVector
0010f064 00000028 T VectorScale
0010f08c 0000016c T R_ConcatRotations
0010f1f8 00000194 T RotatePointAroundVector
0010f38c 0000004c T M_Menu_Main_f
0010f3d8 0000002c T M_Menu_SinglePlayer_f
0010f404 0000002c T M_Menu_MultiPlayer_f
0010f430 0000002c T M_Menu_Options_f
0010f45c 0000002c T M_Menu_Keys_f
0010f488 0000002c T M_Menu_Video_f
0010f4b4 00000038 T M_Menu_Help_f
0010f4ec 00000080 T M_Menu_Setup_f
0010f56c 00000060 T M_Menu_Quit_f
0010f5cc 00000074 T M_ToggleMenu_f
0010f640 00000018 T M_DrawPic
0010f658 000000d8 T M_BuildTranslationTable
0010f730 00000280 T M_DrawTextBox
0010f9b0 00000118 T M_Main_Draw
0010fac8 000001a8 T M_Main_Key
0010fc70 00000118 T M_SinglePlayer_Draw
0010fd88 00000108 T M_ScanSaves
0010fe90 00000028 T M_Menu_Load_f
0010feb8 00000064 T M_Menu_Save_f
0010ff1c 000001c4 T M_SinglePlayer_Key
001100e0 000000f4 T M_Load_Draw
001101d8 000000f4 T M_Save_Draw
001102cc 00000108 T M_Load_Key
001103d4 000000e4 T M_Save_Key
001104b8 00000180 T M_MultiPlayer_Draw
00110638 000003b8 T M_Setup_Draw
001109f0 000003c0 T M_Setup_Key
00110db0 00000370 T M_Net_Draw
00111120 00000354 T M_AdjustSliders
00111474 000000e4 T M_DrawSlider
00111558 00000674 T M_Options_Draw
00111bcc 0000022c T M_Options_Key
00111df8 00000070 T M_FindKeysForCommand
00111e68 00000068 T M_UnbindCommand
00111ed0 000002c4 T M_Keys_Draw
00112194 000001b4 T M_Keys_Key
00112348 00000044 T M_Help_Draw
0011238c 000000c0 T M_Help_Key
0011244c 00000070 T M_Quit_Key
001124bc 000000fc T M_Menu_SerialConfig_f
001125b8 00000578 T M_SerialConfig_Draw
00112b30 000004ac T M_ModemConfig_Draw
00112fdc 00000290 T M_ModemConfig_Key
0011326c 000000b8 T M_Menu_LanConfig_f
00113324 00000210 T M_Net_Key
00113534 00000690 T M_SerialConfig_Key
00113bc4 0000015c T M_MultiPlayer_Key
00113d20 000004ec T M_LanConfig_Draw
0011420c 00000428 T M_LanConfig_Key
00114638 00000b64 T M_GameOptions_Draw
0011519c 000003d0 T M_NetStart_Change
0011556c 00000248 T M_GameOptions_Key
001157b8 00000190 T M_Search_Draw
00115948 00000254 T M_ServerList_Draw
00115b9c 00000164 T M_ServerList_Key
00115d00 000000f8 T M_Init
00115df8 000001b0 T M_Draw
00115fa8 0000018c T M_Quit_Draw
00116134 000000b0 T M_Keydown
001161e4 00000198 T NET_Ban_f
00116380 0000019c t Test_Poll
00116520 00000258 t Test_f
00116778 000001c4 t Test2_Poll
00116940 00000234 t Test2_f
00116b74 00000264 T NET_Stats_f
00116dd8 000000f4 T Datagram_SendMessage
00116ecc 000000e4 T SendMessageNext
00116fb0 000000dc T ReSendMessage
0011708c 00000028 T Datagram_CanSendMessage
001170b4 00000008 T Datagram_CanSendUnreliableMessage
001170bc 000000ac T Datagram_SendUnreliableMessage
00117168 00000390 T Datagram_GetMessage
001174f8 000000dc T Datagram_Init
001175d4 00000058 T Datagram_Shutdown
0011762c 00000024 T Datagram_Close
00117650 00000058 T Datagram_Listen
001176a8 00000798 T Datagram_CheckNewConnections
00117e40 000004d0 T Datagram_SearchForHosts
00118310 000004a4 T Datagram_Connect
001187b4 0000005c T UDP_Shutdown
00118810 0000009c T UDP_OpenSocket
001188ac 0000007c T UDP_Listen
00118928 0000001c T UDP_CloseSocket
00118944 00000008 T UDP_Connect
0011894c 0000005c T UDP_CheckNewConnections
001189a8 00000038 T UDP_Read
001189e0 00000070 T UDP_Broadcast
00118a50 00000030 T UDP_Write
00118a80 00000064 T UDP_AddrToString
00118ae4 00000080 T UDP_StringToAddr
00118b64 0000007c T UDP_GetSocketAddr
00118be0 0000019c T UDP_Init
00118d7c 000000a0 T UDP_GetNameFromAddr
00118e1c 0000016c T UDP_GetAddrFromName
00118f88 0000003c T UDP_AddrCompare
00118fc4 00000010 T UDP_GetSocketPort
00118fd4 00000014 T UDP_SetSocketPort
00118fe8 0000001c T Loop_Init
00119004 00000004 T Loop_Shutdown
00119008 00000004 T Loop_Listen
0011900c 000000b0 T Loop_SearchForHosts
001190bc 000000e8 T Loop_Connect
001191a4 00000050 T Loop_CheckNewConnections
001191f4 000000a8 T Loop_GetMessage
0011929c 000000b8 T Loop_SendMessage
00119354 00000098 T Loop_SendUnreliableMessage
001193ec 00000014 T Loop_CanSendMessage
00119400 00000008 T Loop_CanSendUnreliableMessage
00119408 00000048 T Loop_Close
00119450 00000090 t PrintSlist
001194e0 000000b0 t NET_Listen_f
00119590 00000098 t NET_Port_f
00119628 00000124 t MaxPlayers_f
0011974c 00000090 t NET_CanSendMessage.part.0
001197e0 00000174 t NET_Slist_f.part.0
00119954 00000018 T NET_Slist_f
00119970 00000134 t Slist_Send
00119aa8 0000018c t Slist_Poll
00119c34 00000018 T SetNetTime
00119c4c 000000bc T NET_NewQSocket
00119d08 00000074 T NET_FreeQSocket
00119d7c 00000140 T NET_CheckNewConnections
00119ebc 00000054 T NET_Close
00119f10 00000198 T NET_GetMessage
0011a0a8 000000dc T NET_SendMessage
0011a184 000000dc T NET_SendUnreliableMessage
0011a260 00000020 T NET_CanSendMessage
0011a280 00000208 T NET_SendToAll
0011a488 00000368 T NET_Init
0011a7f0 00000104 T NET_Shutdown
0011a8f4 00000100 T NET_Poll
0011a9f4 00000248 T NET_Connect
0011ac3c 00000090 T SchedulePollProcedure
0011accc 00000004 T VCR_Shutdown
0011acd0 00000004 T VCR_Close
0011acd4 00000008 T VCR_Connect
0011acdc 0000009c T VCR_Init
0011ad78 00000004 T VCR_SearchForHosts
0011ad7c 00000064 T VCR_ReadNext
0011ade0 000000cc T VCR_GetMessage
0011aeac 00000080 T VCR_SendMessage
0011af2c 00000080 T VCR_CanSendMessage
0011afac 00000084 T VCR_CheckNewConnections
0011b030 0000001c T PF_fabs
0011b04c 00000018 T PF_precache_file
0011b064 00000014 T PF_traceon
0011b078 00000014 T PF_traceoff
0011b090 00000044 T PF_rint
0011b0d4 00000020 T PF_break
0011b0f4 00000024 T PF_Remove
0011b118 0000002c T PF_makevectors
0011b144 00000040 T PF_setorigin
0011b184 0000000c T PF_Fixme
0011b190 000000a4 T PF_setspawnparms
0011b234 000000bc T PF_lightstyle
0011b2f0 00000094 T PF_normalize
0011b384 00000054 T PF_vlen
0011b3d8 00000094 T PF_vectoyaw
0011b470 0000012c T PF_vectoangles
0011b59c 00000038 T PF_random
0011b5d4 00000030 T PF_particle
0011b604 0000010c T PF_ambientsound
0011b710 000000f8 T PF_sound
0011b808 00000100 T PF_traceline
0011b908 00000120 T PF_droptofloor
0011ba28 000000e0 T PF_Find
0011bb08 000000a8 T PF_stuffcmd
0011bbb0 00000024 T PF_localcmd
0011bbd4 00000030 T PF_cvar
0011bc04 0000002c T PF_cvar_set
0011bc30 0000012c T PF_findradius
0011bd5c 0000007c T PF_ftos
0011bdd8 00000070 T PF_vtos
0011be48 0000002c T PF_Spawn
0011be74 00000004 T PF_coredump
0011be78 00000030 T PF_eprint
0011bea8 00000114 T PF_walkmove
0011bfbc 00000028 T PF_floor
0011bfe4 00000028 T PF_ceil
0011c00c 0000003c T PF_checkbottom
0011c048 0000002c T PF_pointcontents
0011c078 000003a8 T PF_aim
0011c420 000000b4 T PF_changeyaw
0011c4d4 000000d0 T PF_makestatic
0011c5a4 00000078 T PF_nextent
0011c61c 00000054 T PF_changelevel
0011c670 000000d0 T PF_precache_model
0011c740 000000bc T PF_precache_sound
0011c7fc 00000084 T PF_bprint
0011c880 00000084 T PF_dprint
0011c904 000000c8 T PF_error
0011c9cc 000000d4 T PF_objerror
0011caa0 000000f0 T PF_sprint
0011cb90 000000f0 T PF_centerprint
0011cc80 000000b8 T SetMinMaxSize
0011cd38 00000030 T PF_setsize
0011cd68 000000ec T PF_setmodel
0011ce54 00000100 T PF_newcheckclient
0011cf58 00000170 T PF_checkclient
0011d0c8 000000d4 T WriteDest
0011d19c 00000028 T PF_WriteByte
0011d1c4 00000028 T PF_WriteChar
0011d1ec 00000028 T PF_WriteShort
0011d214 00000028 T PF_WriteLong
0011d23c 00000020 T PF_WriteAngle
0011d25c 00000020 T PF_WriteCoord
0011d27c 00000030 T PF_WriteString
0011d2ac 00000040 T PF_WriteEntity
0011d2ec 00000120 T ED_Count
0011d410 00000180 T ED_Alloc
0011d590 00000088 T ED_Free
0011d618 00000148 T GetEdictFieldValue
0011d760 00000224 T PR_ValueString
0011d984 00000168 t ED_Print.part.0
0011daec 0000009c T ED_PrintEdicts
0011db88 00000098 T ED_PrintEdict_f
0011dc20 000001f0 T PR_UglyValueString
0011de10 0000010c T PR_GlobalString
0011df1c 000000e4 T PR_GlobalStringNoContents
0011e000 0000001c T ED_Print
0011e01c 0000013c T ED_Write
0011e158 00000070 T ED_PrintNum
0011e1c8 000000e4 T ED_WriteGlobals
0011e2ac 00000060 T ED_NewString
0011e30c 0000021c T ED_ParseEpair
0011e528 0000012c T ED_ParseGlobals
0011e654 00000254 T ED_ParseEdict
0011e8a8 00000368 T ED_LoadFromFile
0011ec10 00000434 T PR_LoadProgs
0011f044 000000b8 T PR_Init
0011f0fc 00000048 T EDICT_NUM
0011f144 0000004c T NUM_FOR_EDICT
0011f190 00000184 T PR_PrintStatement
0011f314 000000a4 T PR_StackTrace
0011f3b8 000000a4 T PR_Profile_f
0011f45c 00000084 T PR_RunError
0011f4e0 00000144 T PR_EnterFunction
0011f624 000000bc T PR_LeaveFunction
0011f6e0 00000a14 T PR_ExecuteProgram
001200f4 00000018 T Sbar_DontShowScores
0012010c 00000020 T Sbar_ShowScores
0012012c 00000014 T Sbar_Changed
00120140 000007ec T Sbar_Init
0012092c 00000038 T Sbar_DrawPic
00120964 00000038 T Sbar_DrawTransPic
0012099c 00000040 T Sbar_DrawCharacter
001209dc 00000038 T Sbar_DrawString
00120a14 00000114 T Sbar_DrawNum
00120b28 000000f8 T Sbar_SortFrags
00120c20 0000010c T Sbar_SoloScoreboard
00120d30 00000790 T Sbar_DrawInventory
001214c0 00000194 T Sbar_DrawFrags
00121654 00000294 T Sbar_DrawFace
001218e8 00000114 T Sbar_IntermissionNumber
001219fc 00000198 T Sbar_DeathmatchOverlay
00121b94 00000224 T Sbar_MiniDeathmatchOverlay
00121db8 000003f4 T Sbar_Draw
001221ac 000001ac T Sbar_IntermissionOverlay
00122358 00000048 T Sbar_FinaleOverlay
001223a0 00000078 t SV_ModelIndex.part.0
00122418 000000b8 T SV_Init
001224d0 000000e0 T SV_StartParticle
001225b0 00000214 T SV_StartSound
001227c8 00000208 T SV_SendServerinfo
001229d0 00000194 T SV_ConnectClient
00122b64 000000b0 T SV_CheckForNewClients
00122c14 0000000c T SV_ClearDatagram
00122c20 00000108 T SV_AddToFatPVS
00122d28 00000490 T SV_WriteEntitiesToClient
001231b8 000004a0 T SV_WriteClientdataToMessage
00123658 000000b8 T SV_SendClientDatagram
00123710 00000150 T SV_UpdateToReliableMessages
00123860 00000064 T SV_SendNop
001238c8 000001dc T SV_SendClientMessages
00123aa4 00000020 T SV_ModelIndex
00123ac4 00000198 T SV_CreateBaseline
00123c5c 00000074 T SV_SendReconnect
00123cd0 000000c8 T SV_SaveSpawnparms
00123d98 0000044c T SV_SpawnServer
001241e4 00000218 T SV_CheckBottom
001243fc 00000404 T SV_movestep
00124800 00000128 T SV_StepDirection
00124928 00000378 T SV_NewChaseDir
00124ca0 00000108 T SV_MoveToGoal
00124da8 000000dc T SV_CheckVelocity
00124e84 0000009c T SV_RunThink
00124f20 000000b8 T SV_Impact
00124fd8 000000b0 T ClipVelocity
00125088 000003a4 T SV_FlyMove
0012542c 0000011c T SV_PushEntity
00125548 00000420 T SV_PushMove
00125968 000000e0 T SV_Physics_Pusher
00125a48 0000011c T SV_CheckStuck
00125b68 0000010c T SV_CheckWater
00125c74 000000c8 T SV_WallFriction
00125d3c 00000178 T SV_TryUnstick
00125eb8 00000284 T SV_WalkMove
0012613c 0000005c T SV_Physics_Noclip
00126198 000000b0 T SV_CheckWaterTransition
00126248 0000023c T SV_Physics_Toss
00126484 000001f8 t SV_Physics_Client.part.0
00126680 00000130 T SV_Physics_Step
001267b0 00000220 T SV_Physics
001269d0 00000200 T SV_SetIdealPitch
00126bd0 00000198 T SV_UserFriction
00126d68 000000a0 T SV_Accelerate
00126e08 000000bc T SV_AirAccelerate
00126ec8 000001e0 T SV_WaterMove
001270a8 00000074 T SV_WaterJump
0012711c 00000180 T SV_AirMove
001272a0 000001a8 T SV_ClientThink
00127448 00000120 T SV_ReadClientMove
00127568 0000032c T SV_ReadClientMessage
00127894 00000100 T SV_RunClients
00127994 0000002c T V_BonusFlash_f
001279c0 0000005c T V_cshift_f
00127a1c 00000060 T V_StartPitchDrift
00127a7c 0000008c T V_CalcRoll
00127b08 00000150 T V_CalcBob
00127c58 0000002c T V_StopPitchDrift
00127c84 0000015c T V_DriftPitch
00127de0 000000bc T BuildGammaTable
00127ea0 000001e4 T V_ParseDamage
00128084 00000084 T V_SetContentsColor
00128108 000000a0 T V_CalcPowerupCshift
001281a8 00000130 T V_CalcBlend
001282d8 00000250 T V_UpdatePalette
00128528 00000244 T CalcGunAngle
0012876c 000000ec T V_BoundOffsets
00128858 000000c4 T V_AddIdle
0012891c 000000c0 T V_CalcViewRoll
001289dc 00000084 T V_CalcIntermissionRefdef
00128a60 00000394 T V_CalcRefdef
00128df4 000001ac T V_RenderView
00128fa0 000001a4 T V_Init
00129144 00000054 T W_CleanupName
00129198 00000134 T W_LoadWadFile
001292cc 00000084 T W_GetLumpinfo
00129350 00000020 T W_GetLumpName
00129370 00000038 T SwapPic
001293a8 000000ac T SV_InitBoxHull
00129454 00000208 T SV_HullForEntity
0012965c 00000164 T SV_CreateAreaNode
001297c0 00000044 T SV_ClearWorld
00129804 0000002c T SV_UnlinkEdict
00129830 00000180 T SV_TouchLinks
001299b0 000000f4 T SV_FindTouchedLeafs
00129aa4 000001ec T SV_LinkEdict
00129c90 000000b0 T SV_HullPointContents
00129d40 00000030 T SV_PointContents
00129d70 000003bc T SV_RecursiveHullCheck
0012a12c 0000016c T SV_ClipMoveToEntity
0012a298 000002c0 T SV_ClipToLinks
0012a558 00000074 T SV_MoveBounds
0012a5cc 00000150 T SV_Move
0012a71c 0000004c T SV_TestEntityPosition
0012a768 000000b0 T Cache_Flush
0012a818 000000f4 T Z_Free
0012a90c 000000e0 T Z_TagMalloc
0012a9ec 000000b4 T Z_CheckHeap
0012aaa0 0000004c T Z_Malloc
0012aaec 00000098 T Hunk_Check
0012ab84 00000010 T Hunk_LowMark
0012ab94 00000050 T Hunk_FreeToLowMark
0012abe4 0000007c T Hunk_FreeToHighMark
0012ac60 00000190 T Cache_TryAlloc
0012adf0 00000044 T Cache_Report
0012ae34 0000008c T Cache_Free
0012aec0 0000006c T Cache_Move
0012af2c 000000e4 T Hunk_AllocName
0012b010 0000000c T Hunk_Alloc
0012b01c 00000070 T Cache_FreeHigh
0012b08c 000000e0 T Hunk_HighAllocName
0012b16c 00000058 T Hunk_TempAlloc
0012b1c4 00000084 T Cache_Check
0012b248 0000010c T Cache_Alloc
0012b354 00000110 T Memory_Init
0012b464 00000024 T Sys_FileClose
0012b488 00000014 T Sys_FileSeek
0012b49c 0000001c T Sys_FileRead
0012b4b8 0000001c T Sys_FileWrite
0012b4d4 0000002c T Sys_FileTime
0012b500 0000000c T Sys_mkdir
0012b50c 00000060 T Sys_Error
0012b56c 00000080 T Sys_FileOpenWrite
0012b5ec 000000a4 T Sys_FileOpenRead
0012b690 0000002c T Sys_Printf
0012b6bc 00000014 T Sys_Quit
0012b6d0 0000005c T Sys_FloatTime
0012b72c 00000008 T Sys_ConsoleInput
0012b734 00000164 T Sys_SetKeys
0012b898 00000058 T Sys_SendKeyEvents
0012b8f0 00000124 T main
0012ba14 000000d4 T S_SoundInfo_f
0012bae8 000000b8 T S_SoundList
0012bba0 00000100 t SND_Spatialize.part.0
0012bca0 00000140 t S_UpdateAmbientSounds.part.0
0012bde0 00000040 T S_Shutdown
0012be20 000000f0 T S_FindName
0012bf10 00000028 T S_TouchSound
0012bf38 00000068 T S_PrecacheSound
0012bfa0 00000100 T SND_PickChannel
0012c0a0 000001bc T S_StartSound
0012c25c 00000114 T S_Play
0012c370 00000124 T S_PlayVol
0012c494 00000060 T S_StopSound
0012c4f4 00000064 T S_ClearBuffer
0012c558 0000006c T S_StopAllSounds
0012c5c4 00000060 T S_StopAllSoundsC
0012c624 00000358 T S_Init
0012c97c 00000128 T S_StaticSound
0012caa4 000000d0 T GetSoundtime
0012cb74 00000074 t S_Update_.part.0
0012cbe8 00000288 T S_Update
0012ce70 0000003c T S_ExtraUpdate
0012ceac 000000a0 T S_LocalSound
0012cf4c 00000004 T S_BeginPrecaching
0012cf50 00000004 T S_EndPrecaching
0012cf54 000000b0 T Snd_WriteLinearBlastStereo16
0012d004 000000b0 T S_TransferStereo16
0012d0b4 00000160 T S_TransferPaintBuffer
0012d214 00000044 T SND_InitScaletable
0012d258 000000a4 T SND_PaintChannelFrom8
0012d2fc 00000064 T SND_PaintChannelFrom16
0012d360 0000019c T S_PaintChannels
0012d4fc 000001a8 T ResampleSfx
0012d6a4 00000064 T FindNextChunk
0012d708 00000238 T GetWavinfo
0012d940 00000158 T S_LoadSound
0012da98 00000100 T SNDDMA_Init
0012db98 00000050 T SNDDMA_GetDMAPos
0012dbe8 00000038 T SNDDMA_Shutdown
0012dc20 00000004 T SNDDMA_Submit
0012dc24 00000004 T IN_Init
0012dc28 00000004 T IN_Shutdown
0012dc2c 00000004 T IN_Commands
0012dc30 00000004 T IN_Move
0012dc34 00000004 T CDAudio_Play
0012dc38 00000004 T CDAudio_Pause
0012dc3c 00000004 T CDAudio_Resume
0012dc40 00000004 T CDAudio_Update
0012dc44 00000008 T CDAudio_Init
0012dc4c 00000004 T CDAudio_Shutdown
0012dc50 00000184 T Draw_TextureMode_f
0012ddd8 00000128 t Draw_Character.part.0
0012df00 00000048 T GL_Bind
0012df48 00000108 T Scrap_AllocBlock
0012e050 00000068 T Draw_CharToConback
0012e0b8 00000020 T Draw_Character
0012e0d8 0000005c T Draw_String
0012e134 00000210 T Draw_TransPicTranslate
0012e348 00000154 T Draw_TileClear
0012e4a0 00000114 T Draw_Fill
0012e5b4 000000d0 T Draw_FadeScreen
0012e684 00000004 T Draw_EndDisc
0012e688 000000e0 T GL_Set2D
0012e768 00000108 T GL_ResampleTexture
0012e870 000000d8 T GL_Resample8BitTexture
0012e948 00000110 T GL_MipMap
0012ea58 00000128 T GL_MipMap8Bit
0012eb80 00000290 T GL_Upload32
0012ee10 00000284 T GL_Upload8_EXT
0012f094 00000134 T Scrap_Upload
0012f1c8 00000174 T Draw_AlphaPic
0012f33c 00000138 T Draw_Pic
0012f474 00000074 T Draw_TransPic
0012f4e8 00000068 T Draw_ConsoleBackground
0012f550 00000050 T Draw_BeginDisc
0012f5a0 00000158 T GL_Upload8
0012f6f8 00000280 T GL_LoadTexture
0012f978 000001d4 T Draw_PicFromWad
0012fb4c 00000298 T Draw_Init
0012fde4 00000160 T Draw_CachePic
0012ff48 00000168 T Build_Gamma_Table
001300b0 000001cc T GL_LoadTexture32
0013027c 00000078 T GL_SelectTexture
001302f4 000001ec T LoadPCX
001304e0 000008dc T LoadTGA
00130dbc 000000f8 T loadimagepixels
00130eb4 0000007c T loadtextureimage
00130f30 0000025c T StripLength
0013118c 0000026c T FanLength
001313f8 0000033c T BuildTris
00131734 000000e4 T GL_MakeAliasModelDisplayLists
00131818 00000028 T Mod_Init
00131840 0000008c T Mod_PointInLeaf
001318cc 0000009c T Mod_DecompressVis
00131968 00000020 T Mod_LeafPVS
00131988 00000044 T Mod_ClearAll
001319cc 000000c8 T Mod_FindName
00131a94 0000002c T Mod_TouchModel
00131ac0 00000648 T Mod_LoadTextures
00132108 000001c8 T Mod_LoadLighting
001322d0 00000058 T Mod_LoadVisibility
00132328 00000058 T Mod_LoadEntities
00132380 000000ec T Mod_LoadVertexes
0013246c 00000154 T Mod_LoadSubmodels
001325c0 000000b4 T Mod_LoadEdges
00132678 00000218 T Mod_LoadTexinfo
00132890 00000210 T CalcSurfaceExtents
00132aa0 00000260 T Mod_LoadFaces
00132d00 000001c0 T Mod_SetParent
00132ec0 000001f4 T Mod_LoadNodes
001330b4 000001d4 T Mod_LoadLeafs
00133288 00000214 T Mod_LoadClipnodes
0013349c 000000e8 T Mod_MakeHull0
00133584 000000cc T Mod_LoadMarksurfaces
00133650 0000009c T Mod_LoadSurfedges
001336ec 00000130 T Mod_LoadPlanes
0013381c 00000244 T Mod_LoadBrushModel
00133a60 00000064 T Mod_LoadAliasFrame
00133ac4 000000b4 T Mod_LoadAliasGroup
00133b78 00000224 T Mod_FloodFillSkin
00133d9c 000002a4 T Mod_LoadAllSkins
00134040 000004a8 T Mod_LoadAliasModel
001344e8 0000011c T Mod_LoadSpriteFrame
00134604 00000110 T Mod_LoadSpriteGroup
00134714 000001c0 T Mod_LoadSpriteModel
001348d4 00000104 T Mod_LoadModel
001349d8 00000044 T Mod_Extradata
00134a1c 00000018 T Mod_ForName
00134a34 00000060 T Mod_Print
00134a94 0000008c T R_RemoveEfrags
00134b20 00000140 T R_SplitEntityOnNode
00134c60 00000088 T R_AddEfrags
00134ce8 00000090 T R_StoreEfrags
00134d78 00000094 T R_AnimateLight
00134e0c 00000058 T AddLightBlend
00134e68 00000204 T R_RenderDlight
0013506c 00000104 T R_RenderDlights
00135170 00000288 T R_MarkLights
001353f8 000000a4 T R_PushDlights
0013549c 00000538 T RecursiveLightPoint
001359d4 000000c0 T R_LightPoint
00135a94 0000004c T R_CullBox
00135ae0 00000074 T R_RotateForEntity
00135b54 000000c8 T R_GetSpriteFrame
00135c1c 00000198 T R_DrawSpriteModel
00135db4 000000fc T GL_DrawAliasFrame
00135eb0 00000134 T GL_DrawAliasShadow
00135fe4 00000084 T R_SetupAliasFrame
00136068 000005f8 T R_DrawAliasModel
00136660 000000bc t R_DrawEntitiesOnList.part.0
00136720 0000017c T R_DrawViewModel
0013689c 0000011c T R_PolyBlend
001369b8 000001b4 T R_SetFrustum
00136b6c 000000ac T R_SetupFrame
00136c18 00000290 T R_SetupGL
00136ea8 00000308 t R_Mirror.part.0
001371b0 00000120 T R_Clear
001372d0 00000164 T R_RenderView
00137434 000002bc T R_Envmap_f
001376f0 000000c4 T R_TimeRefresh_f
001377b4 000000d4 T R_InitTextures
00137888 00000104 T R_InitParticleTexture
0013798c 000001b8 T R_Init
00137b44 000004dc T R_TranslatePlayerSkin
00138020 0000013c T R_NewMap
0013815c 00000004 T D_FlushCaches
00138160 000002b0 T R_AddDynamicLights
00138410 000002a8 T R_BuildLightMap
001386b8 000001b0 t R_RenderDynamicLightmaps.part.0
00138868 000000c8 T R_TextureAnimation
00138930 0000003c T GL_DisableMultitexture
00138970 00000128 T DrawGLWaterPoly
00138a98 00000240 t R_RenderBrushPoly.part.0
00138cd8 00000128 T DrawGLWaterPolyLightmap
00138e00 00000648 T R_DrawSequentialPoly
00139448 000000ac T DrawGLPolyLightmap
001394f4 0000016c t R_BlendLightmaps.part.0
00139660 00000028 T R_RenderBrushPoly
00139688 000001b8 T R_DrawWaterSurfaces
00139840 000001c8 T DrawTextureChains
00139a08 000003d4 T R_DrawBrushModel
00139de0 000002c0 T R_RecursiveWorldNode
0013a0a0 000000c8 T R_DrawWorld
0013a168 0000015c T R_MarkLeaves
0013a2c4 00000104 T AllocBlock
0013a3c8 0000007c t GL_CreateSurfaceLightmap.part.0
0013a448 00000378 T BuildSurfaceDisplayList
0013a7c0 00000334 T GL_BuildLightmaps
0013aaf4 0000003c T SCR_SizeUp_f
0013ab30 0000003c T SCR_SizeDown_f
0013ab6c 0000019c T SCR_ScreenShot_f
0013ad08 00000044 t SCR_DrawLoading.part.0
0013ad4c 00000080 T SCR_CenterPrint
0013add0 00000168 T SCR_DrawCenterString
0013af38 00000084 T SCR_CheckDrawCenterString
0013afc0 000000a8 T CalcFov
0013b068 000000dc T SCR_Init
0013b148 0000007c T SCR_DrawTurtle
0013b1c8 00000068 T SCR_DrawNet
0013b230 00000070 T SCR_DrawPause
0013b2a0 00000174 T SCR_SetUpToDrawConsole
0013b414 0000005c T SCR_DrawConsole
0013b470 00000018 T SCR_EndLoadingPlaque
0013b488 000000e4 T SCR_DrawNotifyString
0013b56c 000000b4 T SCR_TileClear
0013b620 0000041c t SCR_UpdateScreen.part.0
0013ba40 0000009c T SCR_UpdateScreen
0013badc 0000008c T SCR_BeginLoadingPlaque
0013bb68 000000a8 T SCR_ModalMessage
0013bc10 00000098 T BoundPoly
0013bca8 00000374 T SubdividePolygon
0013c01c 000000bc T GL_SubdivideSurface
0013c0d8 00000104 T EmitWaterPolys
0013c1dc 00000104 T EmitSkyPolys
0013c2e0 000000c4 T EmitBothSkyLayers
0013c3a8 0000012c T R_DrawSkyChain
0013c4d4 00000204 T R_InitSky
0013c6d8 0000015c T GL_Init
0013c834 00000024 T GL_BeginRendering
0013c858 00000010 T GL_EndRendering
0013c868 000000e8 T VID_SetPalette
0013c950 00000004 T VID_ShiftPalette
0013c954 00000010 T VID_Is8bit
0013c968 00000238 T VID_Init
0013cba0 00000004 T VID_Shutdown
0013cba4 00000078 T R_InitParticles
0013cc20 000001ac T R_EntityParticles
0013cdcc 00000064 T R_ClearParticles
0013ce30 00000150 T R_ReadPointFile_f
0013cf80 000001b0 T R_ParticleExplosion
0013d130 0000011c T R_ParticleExplosion2
0013d250 000001e0 T R_BlobExplosion
0013d430 00000280 T R_RunParticleEffect
0013d6b0 00000090 T R_ParseParticleEffect
0013d740 00000174 T R_LavaSplash
0013d8b8 000001c4 T R_TeleportSplash
0013da80 000004a8 T R_RocketTrail
0013df28 0000047c T R_DrawParticles
0013e3a4 000000a8 T Touch_DrawOverlay
0013e44c 00000048 T Touch_Init
0013e494 0000009c T Touch_TouchpadUpdate
0013e530 00000104 T Touch_KeyboardUpdate
0013e634 000000d4 T Touch_Update
0013e708 0000004c T glAlphaFunc
0013e754 00000044 T glBlendEquation
0013e798 000001fc T glBlendFunc
0013e994 0000001c T glClearDepth
0013e9b0 00000038 T glDepthFunc
0013e9e8 00000034 T glDepthMask
0013ea1c 0000002c T glDepthRange
0013ea48 00000020 T glGetString
0013ea68 00000078 T gluPerspective
0013eae0 0000007c T glBegin
0013eb5c 0000002c T glColor3f
0013eb88 00000064 T glColor3ubv
0013ebec 00000028 T glColor4f
0013ec14 0000003c T glColor4fv
0013ec50 0000001c T glTexCoord2f
0013ec6c 00000088 T glVertex2f
0013ecf4 00000084 T glVertex3f
0013ed78 00000090 T glVertex3fv
0013ee08 00000030 T glEnd
0013ee38 00000048 T glLoadIdentity
0013ee80 0000002c T glTranslatef
0013eeac 0000002c T glScalef
0013eed8 00000118 T glRotatef
0013eff0 00000030 T glMatrixMode
0013f020 00000048 T glOrtho
0013f068 00000048 T glFrustum
0013f0b0 000000dc T glPopMatrix
0013f18c 000000d4 T glPushMatrix
0013f260 00000074 T glLoadMatrixf
0013f2d4 000001b0 T glClear
0013f484 00000020 T glClearColor
0013f4a4 00000034 T glCullFace
0013f4d8 000000d8 T glFlush
0013f5b0 00000010 T glFinish
0013f5c0 00000044 T glViewport
0013f604 00000044 T glScissor
0013f648 00000124 T _picaRenderBuffer
0013f76c 000000b0 T _picaViewport
0013f81c 00000058 T _picaScissorTest
0013f874 00000030 T _picaCullMode
0013f8a4 00000034 T _picaAttribBuffersLocation
0013f8d8 000000a8 T _picaAttribBuffersFormat
0013f980 00000084 T _picaDepthMap
0013fa04 00000054 T _picaStencilTest
0013fa58 0000003c T _picaStencilOp
0013fa94 00000044 T _picaAlphaTest
0013fad8 00000068 T _picaTextureEnvSet
0013fb40 00000020 T _picaTextureEnvReset
0013fb60 00000044 T _picaEarlyDepthTest
0013fba4 00000078 T _picaBlendFunction
0013fc1c 00000070 T _picaUniformFloat
0013fc8c 00000044 T _picaDepthTestWriteMask
0013fcd0 00000064 T _picaFinalize
0013fd34 0000002c T _picaBlendColor
0013fd60 000001bc T _picaTextureObjectSet
0013ff1c 000000b4 T _picaImmediateBegin
0013ffd0 00000060 T _picaImmediateEnd
00140030 000000a8 T _picaFixedAttribute
001400d8 0000004c T _picaTexUnitEnable
00140124 00000048 T _picaLogicOp
0014016c 0000008c t _AptEventHook
001401f8 00000040 T pglInit
00140238 000000a4 T pglSwapBuffers
001402dc 00000030 T _queueWaitAndClear
0014030c 00000044 T _queueRun
00140350 00000190 T _stateInitialize
001404e0 000001dc T _stateDefault
001406bc 00000310 T _stateFlush
001409cc 0000017c T glDisable
00140b48 0000017c T glEnable
00140cc4 00000004 T glDrawBuffer
00140cc8 00000004 T glShadeModel
00140ccc 00000004 T glReadBuffer
00140cd0 00000004 T glReadPixels
00140cd4 00000004 T glHint
00140cd8 00000004 T glPolygonMode
00140cdc 00000004 T glGetFloatv
00140ce0 00000008 T _readRGBA8
00140ce8 00000020 T _readRGB8
00140d08 0000001c T _readLA8
00140d24 00000010 T _readA8
00140d34 0000002c T _writeRGBA4
00140d60 00000024 T _writeRGB565
00140d84 00000010 T _writeLA4
00140d94 0000000c T _writeLA8
00140da0 0000000c T _writeA8
00140dac 00000280 t _textureTile
0014102c 000001c8 t glTexEnvi.part.0
001411f4 00000018 T glActiveTexture
0014120c 00000290 T glTexImage2D
0014149c 00000188 T glTexSubImage2D
00141624 00000130 T glTexParameterf
00141754 000000a0 T glBindTexture
001417f4 00000018 T glTexEnvf
0014180c 00000048 T hashTableGet
00141854 0000008c T hashTableInsert
001418e0 00000074 T matrix4x4_multiply
00141954 0000009c T matrix4x4_translate
001419f0 00000038 T matrix4x4_scale
00141a28 000000b8 T matrix4x4_rotate_x
00141ae0 000000b8 T matrix4x4_rotate_y
00141b98 000000b8 T matrix4x4_rotate_z
00141c50 000000ec T matrix4x4_ortho_tilt
00141d3c 000000f0 T matrix4x4_frustum
00141e2c 00000090 T matrix4x4_fix_projection
00141ebc 0000006c T glEnableClientState
00141f28 00000024 t addrMapNodeComparator(rbtree_node const*, rbtree_node const*)
00141f4c 00000004 t addrMapNodeDestructor(rbtree_node*)
00141f50 00000250 T vramMemAlignAt
001421a0 0000000c T vramAlloc
001421ac 00000090 T vramFree
0014223c 00000024 t addrMapNodeComparator(rbtree_node const*, rbtree_node const*)
00142260 00000004 t addrMapNodeDestructor(rbtree_node*)
00142264 00000120 T linearMemAlign
00142384 00000008 T linearAlloc
0014238c 0000005c T linearFree
001423e8 00000080 T MemPool::CoalesceRight(MemBlock*)
00142468 0000016c T MemPool::Allocate(MemChunk&, unsigned long, int)
001425d4 000000fc T MemPool::Deallocate(MemChunk const&)
001426d0 00000030 T MemPool::GetFreeSpace()
00142700 00000074 T osConvertVirtToPhys
00142774 00000034 T __ctru_speedup_config
001427a8 00000038 T osSetSpeedupEnable
001427e0 000001e8 t parseColor
001429c8 000001ac T consoleDrawChar
00142b74 00000124 T consolePrintChar
00142c98 00000b94 T con_write
0014382c 000000fc t newRow
00143928 00000168 T consoleInit
00143a90 000000d0 t gfxPresentFramebuffer
00143b60 0000001c T gfxIsWide
00143b7c 000000ec T gfxSetScreenFormat
00143c68 00000010 T gfxGetScreenFormat
00143c78 00000010 T gfxSetDoubleBuffering
00143c88 000000e0 T gfxInit
00143d68 000000b4 T gfxExit
00143e1c 000000a0 T gfxGetFramebuffer
00143ebc 00000104 T gfxFlushBuffers
00143fc0 00000030 T gfxScreenSwapBuffers
00143ff0 00000050 T gfxSwapBuffersGpu
00144040 000001d4 T shaderInstanceInit
00144214 0000001c T shaderProgramInit
00144230 00000080 T shaderProgramSetVsh
001442b0 000008e0 T shaderProgramConfigure
00144b90 0000013c T shaderProgramUse
00144ccc 000001cc t DVLE_GenerateOutmap.part.0
00144e98 000001b4 T DVLB_ParseFile
0014504c 00000010 T GX_BindQueue
0014505c 00000078 T GX_ProcessCommandList
001450d4 00000070 T GX_DisplayTransfer
00145144 00000074 T GX_TextureCopy
001451b8 00000044 T GX_FlushCacheRegions
001451fc 00000068 t gxCmdQueueDoCommands.part.0
00145264 000000c8 T gxCmdQueueInterrupt
0014532c 0000004c T gxCmdQueueClear
00145378 000000f8 T gxCmdQueueAdd
00145470 00000080 T gxCmdQueueRun
001454f0 00000060 T gxCmdQueueStop
00145550 00000074 T gxCmdQueueWait
001455c4 0000013c T GPUCMD_Add
00145700 000000b0 T GPUCMD_Split
001457b0 00000034 T f32tof24
001457e4 00000038 T f32tof31
0014581c 00000158 t ndspUpdateMaster
00145978 00000110 t ndspFinalize
00145a88 00000250 t ndspInitialize.part.0
00145cd8 000000fc t ndspHookCallback
00145dd8 00000310 t ndspThreadMain
001460e8 000003c8 T ndspInit
001464b0 000000cc T ndspExit
0014657c 00000034 T ndspSetOutputMode
001465b0 000000e4 T ndspChnReset
00146694 00000018 T ndspChnGetSamplePos
001466ac 00000018 T ndspChnSetFormat
001466c4 00000048 T ndspChnSetInterp
0014670c 0000005c T ndspChnSetRate
00146768 000000ac T ndspChnWaveBufClear
00146814 000000bc T ndspChnWaveBufAdd
001468d0 00000040 T ndspiInitChn
00146910 0000002c T ndspiDirtyChn
0014693c 00000444 T ndspiUpdateChn
00146d80 00000184 T ndspiReadChnState
00146f04 000000a4 T cfguInit
00146fa8 0000003c T cfguExit
00146fe4 0000004c T CFGU_GetConfigInfoBlk2
00147030 000000a4 t DSP_LoadComponent.part.0
001470d4 000000dc T dspInit
001471b0 00000080 T dspExit
00147230 00000024 T dspHook
00147254 00000030 T dspUnhook
00147284 000000b0 T aptDspSleep
00147334 000000b8 T aptDspWakeup
001473ec 00000044 T aptDspCancel
00147430 00000034 T DSP_SetSemaphore
00147464 00000034 T DSP_SetSemaphoreMask
00147498 00000038 T DSP_GetSemaphoreHandle
001474d0 0000003c T DSP_LoadComponent
0014750c 00000044 T DSP_RegisterInterruptEvents
00147550 00000074 T DSP_ReadPipeIfPossible
001475c4 0000004c T DSP_WriteProcessPipe
00147610 00000040 T DSP_ConvertProcessAddressFromDspDram
00147650 00000040 T DSP_RecvData
00147690 0000004c T DSP_RecvDataIsReady
001476dc 00000c58 t gspHardwareInit
00148334 00000248 T gspInit
0014857c 000000f0 T gspExit
0014866c 00000010 T gspHasGpuRight
0014867c 000000a0 T gspPresentBuffer
0014871c 00000044 T gspWaitForEvent
00148760 0000004c T gspWaitForAnyEvent
001487ac 00000158 t gspEventThreadMain
00148904 00000130 T gspSubmitGxCommand
00148a34 00000050 T GSPGPU_FlushDataCache
00148a84 00000034 T GSPGPU_SetLcdForceBlack
00148ab8 00000068 T GSPGPU_AcquireRight
00148b20 00000048 T GSPGPU_ReleaseRight
00148b68 0000007c T GSPGPU_ImportDisplayCaptureInfo
00148be4 0000002c T GSPGPU_SaveVramSysArea
00148c10 0000002c T GSPGPU_RestoreVramSysArea
00148c3c 000001a4 t aptConvertScreenForCapture
00148de0 00000158 T aptSendCommand
00148f38 00000044 t aptExitProcess
00148f7c 000002f4 T aptExit
00149270 000000e0 T aptHandleSleep
00149350 00000030 T aptHook
00149380 00000084 T APT_SleepIfShellClosed
00149404 00000084 T aptSetSleepAllowed
00149488 00000084 T APT_UnlockTransition
00149510 000004a4 t aptEventHandler
001499b4 000000b0 T APT_ReceiveParameter
00149a64 000000b0 t aptReceiveParameter.constprop.0
00149b18 000002ac t aptScreenTransfer
00149dc4 00000344 t aptWaitForWakeUp.isra.0
0014a108 00000100 T aptJumpToHomeMenu
0014a208 00000048 T aptMainLoop
0014a250 0000022c T aptInit
0014a47c 0000007c T APT_CheckNew3DS
0014a4f8 00000024 W hidShouldUseIrrst
0014a51c 0000018c T hidInit
0014a6a8 000000e8 T hidExit
0014a790 000002a4 T hidScanInput
0014aa34 00000010 T hidKeysHeld
0014aa44 00000010 T hidKeysDown
0014aa54 00000010 T hidKeysUp
0014aa64 00000018 T hidTouchRead
0014aa7c 00000074 T ptmSysmInit
0014aaf0 0000003c T ptmSysmExit
0014ab2c 00000034 T PTMSYSM_ConfigureNew3DSCPU
0014ab60 000000cc T fsInit
0014ac2c 0000003c T fsExit
0014ac68 00000060 T fsExemptFromSession
0014acc8 00000050 T fsUnexemptFromSession
0014ad18 000000cc T FSUSER_OpenFile
0014ade4 000000d4 T FSUSER_OpenFileDirectly
0014aeb8 000000bc T FSUSER_DeleteFile
0014af74 000000f8 T FSUSER_RenameFile
0014b06c 000000bc T FSUSER_DeleteDirectory
0014b128 000000d4 T FSUSER_CreateFile
0014b1fc 000000c4 T FSUSER_CreateDirectory
0014b2c0 000000f8 T FSUSER_RenameDirectory
0014b3b8 000000b4 T FSUSER_OpenDirectory
0014b46c 00000098 T FSUSER_OpenArchive
0014b504 0000008c T FSUSER_CloseArchive
0014b590 00000074 T FSUSER_GetSdmcArchiveResource
0014b604 00000064 T FSUSER_IsSdmcWritable
0014b668 00000058 T FSFILE_Read
0014b6c0 00000060 T FSFILE_Write
0014b720 0000003c T FSFILE_GetSize
0014b75c 00000028 T FSFILE_SetSize
0014b784 0000003c T FSFILE_Close
0014b7c0 00000024 T FSFILE_Flush
0014b7e4 00000050 T FSDIR_Read
0014b834 0000003c T FSDIR_Close
0014b870 00000024 T inet_addr
0014b894 0000014c T socket
0014b9e0 00000168 T gethostbyname
0014bb48 0000014c T gethostbyaddr
0014bc94 0000003c T _net_convert_error
0014bcd0 00000050 T gethostid
0014bd20 000001a8 T inet_aton
0014bec8 00000174 T bind
0014c03c 00000140 T fcntl
0014c17c 000000e4 T inet_ntoa
0014c260 00000014 t soc_open
0014c274 00000034 t soc_read
0014c2a8 00000034 t soc_write
0014c2dc 0000008c t soc_close
0014c368 0000014c T socInit
0014c4b4 00000088 T socExit
0014c53c 00000154 T getsockname
0014c690 00000140 T socuipc_cmd7
0014c7d0 0000015c T socuipc_cmd8
0014c92c 00000024 T soc_recvfrom
0014c950 000000a8 T recvfrom
0014c9f8 00000158 T socuipc_cmd9
0014cb50 0000015c T socuipc_cmda
0014ccac 00000024 T soc_sendto
0014ccd0 000000a8 T sendto
0014cd78 00000010 T rbtree_init
0014cd88 000001b4 t do_insert
0014cf3c 00000008 T rbtree_insert
0014cf44 00000090 T rbtree_rotate
0014cfd4 00000318 T rbtree_remove
0014d2ec 00000074 T rbtree_find
0014d360 000001e0 W __system_allocateHeaps
0014d540 00000038 W __libctru_init
0014d578 00000170 W __system_initArgv
0014d6e8 T svcControlMemory
0014d708 T svcQueryMemory
0014d738 T svcExitProcess
0014d740 T svcCreateThread
0014d760 T svcExitThread
0014d768 T svcSleepThread
0014d770 T svcReleaseMutex
0014d778 T svcCreateEvent
0014d78c T svcSignalEvent
0014d794 T svcClearEvent
0014d79c T svcCreateMemoryBlock
0014d7b4 T svcMapMemoryBlock
0014d7bc T svcUnmapMemoryBlock
0014d7c4 T svcCreateAddressArbiter
0014d7d8 T svcArbitrateAddressNoTimeout
0014d7e0 T svcCloseHandle
0014d7e8 T svcWaitSynchronization
0014d7f0 T svcWaitSynchronizationN
0014d818 T svcDuplicateHandle
0014d82c T svcGetSystemTick
0014d834 T svcConnectToPort
0014d848 T svcSendSyncRequest
0014d850 T svcGetResourceLimit
0014d864 T svcGetResourceLimitLimitValues
0014d86c T svcGetResourceLimitCurrentValues
0014d874 T svcBreak
0014d87c W initSystem
0014d8cc W __ctru_exit
0014d8e4 0000000c T __sync_init
0014d8f0 00000018 T __sync_fini
0014d908 0000002c T syncArbitrateAddress
0014d934 0000001c T LightLock_Init
0014d950 000000b0 T LightLock_Lock
0014da00 00000040 T LightLock_Unlock
0014da40 00000024 T RecursiveLock_Init
0014da64 00000030 T RecursiveLock_Lock
0014da94 00000054 T RecursiveLock_Unlock
0014dae8 00000040 T LightEvent_Init
0014db28 000000a4 T LightEvent_Clear
0014dbcc 000000c8 T LightEvent_Signal
0014dc94 00000050 T LightEvent_TryWait
0014dce4 000000b0 T LightEvent_Wait
0014dd94 00000084 W envGetHandle
0014de18 00000050 W envDestroyHandles
0014de68 00000130 T srvInit
0014df98 00000058 T srvExit
0014dff0 000000a0 T srvGetServiceHandleDirect
0014e090 00000038 T srvGetServiceHandle
0014e0c8 00000038 T srvPublishToSubscriber
0014e100 00000178 T threadCreate
0014e278 0000002c T threadFree
0014e2a4 00000024 T threadJoin
0014e2c8 00000030 T threadGetCurrent
0014e2f8 00000040 T threadExit
0014e338 00000020 t _thread_begin
0014e358 000000b4 t mappableFindAddressWithin
0014e40c 00000028 T mappableInit
0014e434 00000080 T mappableAlloc
0014e4b4 00000004 T mappableFree
0014e4b8 00000164 T irrstInit
0014e61c 000000cc T irrstExit
0014e6e8 000000b4 T irrstScanInput
0014e79c 00000024 T irrstKeysHeld
0014e7c0 0000000c T srvPmGetSessionHandle
0014e7cc 0000005c T rbtree_node_next
0014e828 00000030 W __appInit
0014e858 00000030 T __syscall_getreent
0014e888 00000004 T __syscall_lock_acquire
0014e88c 00000004 T __syscall_lock_release
0014e890 00000004 T __syscall_lock_init_recursive
0014e894 00000004 T __syscall_lock_acquire_recursive
0014e898 00000004 T __syscall_lock_release_recursive
0014e89c 00000004 T __syscall_exit
0014e8a0 00000050 T initThreadVars
0014e8f0 00000068 T __system_initSyscalls
0014e958 00000030 W __appExit
0014e988 00000090 W __libctru_exit
0014ea18 00000014 t archive_link
0014ea2c 00000014 t archive_dirreset
0014ea40 00000014 t archive_chmod
0014ea54 00000024 t error_cmp
0014ea78 00000050 t archive_translate_error
0014eac8 000000c8 t archive_seek
0014eb90 0000007c t _archiveInit.part.0
0014ec0c 000000c4 t archiveFindDevice.part.0
0014ecd0 0000025c t archive_utf16path
0014ef2c 000000a0 t _archiveUnmountDeviceStruct.part.0
0014efcc 00000014 t archive_fchmod
0014efe0 00000014 t archive_statvfs
0014eff4 00000164 t _archiveMountDevice
0014f158 000000e8 t archive_diropen
0014f240 000000a4 t archive_fstat
0014f2e4 0000006c t archive_close
0014f350 0000006c t archive_fsync
0014f3bc 00000070 t archive_dirclose
0014f42c 000000e8 t sdmc_statvfs
0014f514 000000ec t archive_chdir
0014f600 0000007c t archive_ftruncate
0014f67c 000000ac t archive_read
0014f728 000000a4 t archive_unlink
0014f7cc 000000bc t archive_rmdir
0014f888 000000dc t archive_mkdir
0014f964 0000019c t archive_stat
0014fb00 0000015c t archive_dirnext
0014fc5c 000000ec t archive_write
0014fd48 000001d4 t archive_open
0014ff1c 00000278 t archive_rename
00150194 0000019c T archiveMountSdmc
00150330 00000054 T archiveUnmountAll
00150384 000000e8 T utf16_to_utf8
0015046c 00000064 T decode_utf16
001504d0 0000013c T decode_utf8
0015060c 000000c0 T utf8_to_utf16
001506cc T __aeabi_read_tp
001506d8 00000054 T encode_utf16
0015072c 000000e0 T encode_utf8
00150810 0000022c T cosf
00150a3c 00000024 t with_errnof
00150a60 0000001c T __math_invalidf
00150a80 00000720 T pow
001511a0 00000284 T atan
00151428 0000013c T ceil
00151568 000000c0 T cos
00151628 00000014 T fabs
0015163c 000000b8 T ceilf
001516f4 000000c0 T floorf
001517b8 00000144 T floor
00151900 0000024c T sinf
00151b50 000000c8 T sin
00151c18 00000078 T tan
00151c90 00000074 T asin
00151d04 00000004 T atan2
00151d08 00000058 T sqrt
00151d60 0000026c T __ieee754_asin
00151fd0 00000204 T __ieee754_atan2
001521d8 00000308 T __ieee754_rem_pio2
001524e0 00000008 T __ieee754_sqrt
001524e8 00000158 T __kernel_cos
00152640 000008c0 T __kernel_rem_pio2
00152f00 000000c0 T __kernel_sin
00152fc0 00000290 T __kernel_tan
00153250 00000024 t with_errno
00153274 00000028 t xflow
001532a0 00000010 T __math_uflow
001532b0 00000010 T __math_oflow
001532c0 00000050 T __math_divzero
00153310 0000001c T __math_invalid
0015332c 00000014 T __math_check_uflow
00153340 00000028 T __math_check_oflow
00153368 00000010 T nan
00153378 00000140 T scalbn
001534b8 00000120 T __udivmoddi4
001535d8 00000008 T atof
001535e0 0000000c T atoi
001535ec 00000078 T bsearch
00153664 00000020 T calloc
00153684 000000c0 T _calloc_r
00153744 0000000c T __errno
00153750 00000034 T exit
00153784 0000015c T _fclose_r
001538e0 00000018 T fclose
001538f8 00000234 T __sflush_r
00153b2c 00000094 T _fflush_r
00153bc0 00000038 T fflush
00153bf8 000000b4 T fgetc
00153cac 0000000c T _cleanup_r
00153cb8 00000184 T __sinit
00153e3c 00000134 T __sfp
00153f70 0000000c T __sfp_lock_acquire
00153f7c 0000000c T __sfp_lock_release
00153f88 0000003c T __libc_fini_array
00153fc4 00000134 T _fopen_r
001540f8 00000020 T fopen
00154118 0000003c T fprintf
00154154 000002d0 T _fread_r
00154424 00000038 T fread
0015445c 000000f8 T _malloc_trim_r
00154554 000002e8 T _free_r
0015483c 0000003c T fscanf
00154878 0000001c T _fseek_r
00154894 00000034 T fseek
001548c8 00000590 T _fseeko_r
00154e58 0000002c T ftell
00154e84 000001b4 T _ftello_r
00155038 00000068 T _fwalk
001550a0 00000070 T _fwalk_reent
00155110 000000f0 T _fwrite_r
00155200 00000038 T fwrite
00155238 000000b4 T getc
001552ec 00000084 T __libc_init_array
00155370 00000138 T __smakebuf_r
001554a8 0000008c T __swhatbuf_r
00155534 00000020 T memalign
00155554 0000014c T _memalign_r
001556a0 00000018 T malloc
001556b8 00000018 T free
001556d0 000007e4 T _malloc_r
00155eb4 000000e4 T memchr
00155f98 00000118 T memcpy
001560b0 00000150 T memmove
00156200 000000f4 T memset
001562f4 0000000c T __malloc_lock
00156300 0000000c T __malloc_unlock
0015630c 00000034 T printf
00156340 0000001c T putchar
0015635c 000000dc T _putc_r
00156438 000000e0 T _puts_r
00156518 00000018 T puts
00156530 00000044 T rand
00156574 0000001c t lflush
00156590 00000198 T __srefill_r
00156728 00000050 T __srget_r
00156778 0000025c T setvbuf
001569d4 00000064 T sprintf
00156a38 00000074 T sscanf
00156aac 00000044 T __sread
00156af0 00000008 T __seofread
00156af8 00000068 T __swrite
00156b60 00000044 T __sseek
00156ba4 00000008 T __sclose
00156bac 00000070 T stpcpy
00156c1c 00000070 T strcat
00156c8c 00000130 T strchr
00156dbc 000000f0 T strcpy
00156eac 0000063c T _strerror_r
001574e8 00000020 T strerror
00157508 0000005c T strlen
00157564 000000e4 T strncat
00157648 000000e4 T strncmp
0015772c 000000c4 T strncpy
001577f0 00000048 T strnlen
00157838 00000128 t critical_factorization
00157960 00000364 t two_way_long_needle
00157cc4 00000248 T strstr
00157f0c 00000064 t sulp
00157f70 000013a8 T _strtod_l
00159318 0000000c T _strtod_r
00159324 00000028 T strtod
0015934c 000001a4 t _strtol_l.part.0
001594f0 0000003c T _strtol_r
0015952c 00000058 T strtol
00159584 000001c4 t _strtoul_l.constprop.0
00159748 00000004 T _strtoul_r
0015974c 00000028 T strtoul
00159774 0000066c t get_arg
00159de0 00003334 T _svfprintf_r
0015d114 00000050 t get_arg
0015d164 00002c38 T __ssvfscanf_r
0015fd9c 00000018 T close
0015fdb4 00000040 T open
0015fdf4 00000018 T unlink
0015fe0c 00000028 T write
0015fe34 00000008 T _user_strerror
0015fe3c 0000066c t get_arg
001604a8 0000339c T _vfprintf_r
00163844 000000d0 t __sbprintf
00163914 00000050 t get_arg
00163964 00002cdc T __svfscanf_r
00166640 00000040 T _vfscanf_r
00166680 00000024 T vprintf
001666a4 0000005c T vsprintf
00166700 00000108 T __swbuf_r
00166808 00000054 T _wcrtomb_r
0016685c 00000028 T _wcsrtombs_r
00166884 0000013c T __swsetup_r
001669c0 00000114 T __call_exitprocs
00166ad4 000001b0 t quorem
00166c88 000011f8 T _dtoa_r
00167e80 000000c8 T __sflags
00167f48 000004b4 T __sfvwrite_r
001683fc 000000f0 t rshift
001684ec 00000814 T __gethex
00168d00 0000004c T __match
00168d4c 0000029c T __hexnan
00168fe8 00000008 T iswspace
00168ff0 0000000c T _localeconv_r
00168ffc 00000010 T __locale_mb_cur_max
0016900c 00000068 T _mbrtowc_r
00169074 000002f8 T __utf8_mbtowc
0016936c 000000b0 T memcmp
0016941c 00000088 T _Balloc
001694a4 0000001c T _Bfree
001694c0 000000f4 T __multadd
001695b4 00000110 T __s2b
001696c4 00000060 T __hi0bits
00169724 0000009c T __lo0bits
001697c0 000000a8 T __i2b
00169868 00000204 T __multiply
00169a6c 00000124 T __pow5mult
00169b90 00000140 T __lshift
00169cd0 00000058 T __mcmp
00169d28 000001ec T __mdiff
00169f14 00000068 T __ulp
00169f7c 000000d0 T __b2d
0016a04c 00000120 T __d2b
0016a16c 00000078 T __ratio
0016a1e4 00000088 T __copybits
0016a26c 0000005c T __any_on
0016a2c8 00000020 T realloc
0016a2e8 000004a0 T _realloc_r
0016a788 000000f4 T __sccl
0016a87c 0000000c T nanf
0016a888 00000088 T frexp
0016a910 000000cc T stpncpy
0016a9dc 0000022c t _strtoll_l.constprop.0
0016ac08 00000004 T _strtoll_r
0016ac0c 00000244 t _strtoull_l.constprop.0
0016ae50 00000004 T _strtoull_r
0016ae54 00000188 T __ssprint_r
0016afdc 000000d4 T _sungetc_r
0016b0b0 0000006c T __ssrefill_r
0016b11c 000000c4 T _sfread_r
0016b1e0 000000a8 T __submore
0016b288 00000218 T _ungetc_r
0016b4a0 0000066c t get_arg
0016bb0c 00000030 T __sprint_r
0016bb3c 000022ec T _vfiprintf_r
0016de28 000000d0 t __sbprintf
0016def8 00000188 T _wcsnrtombs_l
0016e080 0000004c T _wcsnrtombs_r
0016e0cc 000000f0 T __utf8_wctomb
0016e1bc 0000005c T __assert_func
0016e218 0000003c T fiprintf
0016e254 0000003c T iswspace_l
0016e290 000001d8 t __jp2uc
0016e468 0000009c T _jp2uc_l
0016e504 00000014 T abort
0016e518 0000008c T category
0016e5a4 00000090 T _raise_r
0016e634 00000018 T raise
0016e64c 00000008 t null_write
0016e654 00000018 T setDefaultDevice
0016e66c 000000c8 T FindDevice
0016e734 00000028 T RemoveDevice
0016e75c 0000009c T AddDevice
0016e7f8 00000020 T GetDeviceOpTab
0016e818 00000078 T _fstat_r
0016e890 00000014 T _getpid_r
0016e8a4 00000008 T _isatty_r
0016e8ac 00000014 T _kill_r
0016e8c0 00000084 T _lseek_r
0016e944 000000c0 T _open_r
0016ea04 00000080 T _read_r
0016ea84 00000078 T _sbrk_r
0016eafc 00000064 T _unlink_r
0016eb60 00000080 T _write_r
0016ebe0 00000020 T _exit
0016ec00 000001a4 T _concatenate_path
0016eda4 00000140 T chdir
0016eee4 00000060 T mkdir
0016ef44 00000008 T __flockfile
0016ef4c 00000008 T __funlockfile
0016ef54 0000008c T __release_handle
0016efe0 000000b0 T __alloc_handle
0016f090 0000003c T __get_handle
0016f0cc 000000f4 T _close_r
0016f1c0 0000002c T __getreent
0016f1ec 0000001c T __libc_lock_acquire
0016f208 0000001c T __libc_lock_release
0016f224 0000001c T __libc_lock_init_recursive
0016f240 0000001c T __libc_lock_acquire_recursive
0016f25c 0000001c T __libc_lock_release_recursive
0016f278 0000001c T __libc_lock_close_recursive
0016f294 00000038 T __aeabi_d2lz
0016f294 00000038 T __fixdfdi
0016f2d0 00000040 T __aeabi_d2ulz
0016f2d0 00000040 T __fixunsdfdi
0016f310 00000048 T strrchr
0016f358 T _fini
00170000 0000001c r safeargvs
0017001c 00000200 r crctable
0017021c 00000010 r ISA_IRQs
0017022c 00000010 r ISA_uarts
0017023c 00000018 r CSWTCH.483
0017027c R keyboard_overlay_bin
00195a7c R keyboard_overlay_bin_end
00195a7c R touch_overlay_bin
001bb27c R touch_overlay_bin_end
001bc324 r .LC9
001bf59c r .LC2
001c2544 00000007 r CSWTCH.18
001c254c 00000007 r CSWTCH.16
001c2574 0000000c r CSWTCH.1
001c2580 00000006 r GPU_TEVID.0
001c2588 0000001c r CSWTCH.67
001c25a4 00000020 r ylut.0
001c25c4 00000020 r xlut.1
001c25e4 R clear_shbin
001c2690 R clear_shbin_end
001c2690 R clear_shbin_size
001c2694 R vshader_shbin
001c27c4 R vshader_shbin_end
001c27c4 R vshader_shbin_size
001c2840 00000070 r dotab_stdout
001c28b0 00000018 r grayScale
001c28c8 00000006 r colorCube
001c28d0 00000030 r colorTable
001c2908 00000011 r dsp_filename.0
001c2964 00000008 r morton_y.2
001c296c 00000008 r morton_x.3
001c2974 00000008 r s_sleepWakeEvents.4
001c29b0 0000004d r _net_error_code_map
001c2a18 R default_font_bin
001c3218 R default_font_bin_end
001c3238 00000030 r error_table
001c3270 00000070 r archive_devoptab
001c32e0 00000020 r atanlo
001c3300 00000020 r atanhi
001c3320 00000060 R __inv_pio4
001c3380 000000e0 R __sincosf_table
001c3460 00000018 r CSWTCH.9
001c3478 00000018 r CSWTCH.8
001c3490 00000080 r npio2_hw
001c3510 00000108 r two_over_pi
001c3618 00000870 R __exp_data
001c3e88 00000040 r PIo2
001c3ec8 00000010 r init_jk
001c3ed8 00001048 R __pow_log_data
001c4f20 00000101 R _ctype_
001c5024 00000004 R _global_impure_ptr
001c5734 00000014 r fpinan.0
001c5748 00000014 r fpi.1
001c5760 00000028 r tinytens
001c57c4 00000010 r zeroes.0
001c57d4 00000010 r blanks.1
001c57ec 00000022 r basefix.0
001c5810 00000010 r zeroes.0
001c5820 00000010 r blanks.1
001c5830 00000022 r basefix.0
001c5910 00000100 R __hexdig
001c5aa0 0000000c r p05.0
001c5ab0 00000028 R __mprec_bigtens
001c5ad8 000000c8 R __mprec_tens
001c5ba0 0000006c R __action_table
001c5c0c 0000006c R __state_table
001c5c78 00000100 R __chclass
001c5d78 00000010 r zeroes.0
001c5d88 00000010 r blanks.1
001c5dec 00001a7c r d02f4
001c7868 0000172a r b02cf
001c8f94 00000040 r a8
001c8fd4 000000a2 r a7
001c9078 00000070 r a6
001c90e8 0000005b r a3
001c9144 000000bc r a2
001c9200 000000bc r a1
001c92bc 00003528 r categories
001cc7e4 00000070 R dotab_stdnull
001cc854 r 
001cc854 R __exidx_end
001cc854 R __exidx_start
001cd000 00000014 D chase_back
001cd014 00000014 D chase_up
001cd028 00000014 D chase_right
001cd03c 00000014 D chase_active
001cd050 00000014 D cl_anglespeedkey
001cd064 00000014 D cl_yawspeed
001cd078 00000014 D cl_pitchspeed
001cd08c 00000014 D cl_sidespeed
001cd0a0 00000014 D cl_upspeed
001cd0b4 00000014 D cl_forwardspeed
001cd0c8 00000014 D cl_backspeed
001cd0dc 00000014 D cl_movespeedkey
001cd0f0 00000014 D cl_name
001cd104 00000014 D cl_color
001cd118 00000014 D cl_nolerp
001cd12c 00000014 D cl_shownet
001cd140 00000014 D lookspring
001cd154 00000014 D lookstrafe
001cd168 00000014 D sensitivity
001cd17c 00000014 D m_pitch
001cd190 00000014 D m_yaw
001cd1a4 00000014 D m_forward
001cd1b8 00000014 D m_side
001cd1cc 0000008c D svc_strings
001cd258 00000001 D standard_quake
001cd25c 00000004 D static_registered
001cd260 00000100 D pop
001cd360 00000014 D registered
001cd374 00000014 D cmdline
001cd388 00000014 D con_notifytime
001cd39c 00000004 D con_cursorspeed
001cd3a0 00000004 D cvar_null_string
001cd3a4 00000014 D host_framerate
001cd3b8 00000014 D host_speeds
001cd3cc 00000014 D sys_ticrate
001cd3e0 00000014 D serverprofile
001cd3f4 00000014 D fraglimit
001cd408 00000014 D timelimit
001cd41c 00000014 D teamplay
001cd430 00000014 D samelevel
001cd444 00000014 D noexit
001cd458 00000014 D skill
001cd46c 00000014 D developer
001cd480 00000014 D deathmatch
001cd494 00000014 D coop
001cd4a8 00000014 D pausable
001cd4bc 00000014 D temp1
001cd4d0 00000250 D keynames
001cd720 00000004 D nanmask
001cd724 00000014 D setup_cursor_table
001cd738 00000004 D setup_cursor
001cd73c 00000040 D net_helpMessage
001cd77c 00000090 D bindnames
001cd80c 00000018 D serialConfig_baudrate
001cd824 00000018 D serialConfig_cursor_table
001cd83c 00000014 D modemConfig_cursor_table
001cd850 00000004 D lanConfig_cursor
001cd854 0000000c D lanConfig_cursor_table
001cd860 00000048 D hipnoticepisodes
001cd8a8 00000030 D rogueepisodes
001cd8d8 00000054 D episodes
001cd92c 00000090 D hipnoticlevels
001cd9bc 00000024 D gameoptions_cursor_table
001cd9e0 00000088 D roguelevels
001cda68 00000130 D levels
001cdb98 00000080 D quitMessage
001cdc18 00000004 D banMask
001cdc20 00000018 D testPollProcedure
001cdc38 00000018 D test2PollProcedure
001cdc50 00000004 d net_acceptsocket
001cdc54 00000004 D net_numlandrivers
001cdc58 000002a0 D net_landrivers
001cdef8 00000004 D net_numdrivers
001cdefc 000001e0 D net_drivers
001ce0e0 00000004 D DEFAULTnet_hostport
001ce0e4 00000004 D vcrFile
001ce0e8 00000018 D slistSendProcedure
001ce100 00000018 D slistPollProcedure
001ce118 00000001 D slistLocal
001ce11c 00000014 D net_messagetimeout
001ce130 00000014 D hostname
001ce144 00000014 D config_com_port
001ce158 00000014 D config_com_irq
001ce16c 00000014 D config_com_baud
001ce180 00000014 D config_com_modem
001ce194 00000014 D config_modem_dialtype
001ce1a8 00000014 D config_modem_clear
001ce1bc 00000014 D config_modem_init
001ce1d0 00000014 D config_modem_hangup
001ce1e4 00000014 D sv_aim
001ce1f8 00000004 D pr_numbuiltins
001ce1fc 00000004 D pr_builtins
001ce200 0000013c D pr_builtin
001ce33c 00000020 D type_size
001ce35c 00000014 D nomonsters
001ce370 00000014 D gamecfg
001ce384 00000014 D scratch1
001ce398 00000014 D scratch2
001ce3ac 00000014 D scratch3
001ce3c0 00000014 D scratch4
001ce3d4 00000014 D savedgamecfg
001ce3e8 00000014 D saved1
001ce3fc 00000014 D saved2
001ce410 00000014 D saved3
001ce424 00000014 D saved4
001ce438 00000108 D pr_opnames
001ce540 00000010 D hipweapons
001ce550 00000014 D sv_maxvelocity
001ce564 00000014 D sv_gravity
001ce578 00000014 D sv_nostep
001ce58c 00000014 D sv_stopspeed
001ce5a0 00000014 D sv_friction
001ce5b4 00000014 D sv_idealpitchscale
001ce5c8 00000014 D sv_edgefriction
001ce5dc 00000014 D sv_accelerate
001ce5f0 00000014 D sv_maxspeed
001ce604 00000010 D cshift_empty
001ce614 00000014 D v_centerspeed
001ce628 00000014 D cl_rollangle
001ce63c 00000014 D cl_rollspeed
001ce650 00000014 D cl_bobcycle
001ce664 00000014 D cl_bobup
001ce678 00000014 D cl_bob
001ce68c 00000014 D v_centermove
001ce6a0 00000014 D v_gamma
001ce6b4 00000014 D v_kickroll
001ce6c8 00000014 D v_kickpitch
001ce6dc 00000014 D v_kicktime
001ce6f0 00000010 D cshift_lava
001ce700 00000010 D cshift_slime
001ce710 00000010 D cshift_water
001ce720 00000014 D gl_cshiftpercent
001ce734 00000014 D v_idlescale
001ce748 00000014 D v_iroll_cycle
001ce75c 00000014 D v_iroll_level
001ce770 00000014 D v_ipitch_cycle
001ce784 00000014 D v_ipitch_level
001ce798 00000014 D v_iyaw_cycle
001ce7ac 00000014 D v_iyaw_level
001ce7c0 00000014 D scr_ofsx
001ce7d4 00000014 D scr_ofsy
001ce7e8 00000014 D scr_ofsz
001ce7fc 00000014 D lcd_x
001ce810 00000014 D lcd_yaw
001ce824 00000014 D crosshair
001ce838 00000014 D cl_crossx
001ce84c 00000014 D cl_crossy
001ce860 00000004 D __ctru_linear_heap_size
001ce864 00000004 D __stacksize__
001ce868 00000014 D ambient_level
001ce87c 00000014 D ambient_fade
001ce890 00000001 d snd_ambient
001ce894 00000014 D nosound
001ce8a8 00000014 D precache
001ce8bc 00000004 D sound_nominal_clip_dist
001ce8c0 00000004 d hash.1
001ce8c4 00000004 d hash.0
001ce8c8 00000014 D volume
001ce8dc 00000014 D loadas8bit
001ce8f0 00000014 D bgmvolume
001ce904 00000014 D bgmbuffer
001ce918 00000014 D snd_noextraupdate
001ce92c 00000014 D snd_show
001ce940 00000014 D _snd_mixahead
001ce954 00000004 D fakedma_updates
001ce958 00000004 D desired_bits
001ce95c 00000004 D desired_speed
001ce960 00000004 D gl_filter_min
001ce964 00000048 D modes
001ce9ac 00000004 D gl_filter_max
001ce9b0 00000014 D gl_nobind
001ce9c4 00000004 D gl_alpha_format
001ce9c8 00000014 D gl_picmip
001ce9dc 00000014 D gl_max_size
001ce9f0 00000004 D gl_solid_format
001ce9f4 00000004 D conback
001ce9f8 00000004 D gl_lightmap_format
001ce9fc 00000014 D gl_subdivide_size
001cea10 00000004 D shadedots
001cea14 00000014 D gl_doubleeyes
001cea28 00000014 D gl_nocolors
001cea3c 00000014 D gl_smoothmodels
001cea50 00000014 D gl_affinemodels
001cea64 00000014 D r_shadows
001cea78 00000014 D r_drawentities
001cea8c 00000014 D r_drawviewmodel
001ceaa0 00000014 D gl_polyblend
001ceab4 00000014 D gl_cull
001ceac8 00000014 D r_mirroralpha
001ceadc 00000014 D gl_clear
001ceaf0 00000014 D r_norefresh
001ceb04 00000014 D r_speeds
001ceb18 00000014 D gl_finish
001ceb2c 00004000 D r_avertexnormal_dots
001d2b2c 00000798 D r_avertexnormals
001d32c4 00000014 D gl_reporttjunctions
001d32d8 00000014 D gl_keeptjunctions
001d32ec 00000014 D gl_playermip
001d3300 00000014 D gl_flashblend
001d3314 00000014 D gl_texsort
001d3328 00000014 D r_novis
001d333c 00000014 D r_dynamic
001d3350 00000014 D r_wateralpha
001d3364 00000014 D r_lightmap
001d3378 00000014 D r_fullbright
001d338c 00000008 D cnttextures
001d3394 00000004 D currenttexture
001d3398 00000040 D dottexture
001d33d8 00000014 D scr_viewsize
001d33ec 00000014 D scr_centertime
001d3400 00000014 D scr_printspeed
001d3414 00000014 D scr_fov
001d3428 00000014 D scr_conspeed
001d343c 00000014 D scr_showram
001d3450 00000014 D scr_showturtle
001d3464 00000014 D scr_showpause
001d3478 00000014 D gl_triplebuffer
001d348c 00000400 D turbsin
001d388c 00000014 D gl_ztrick
001d38a0 00000004 d vid_gamma
001d38a4 00000001 D isPermedia
001d38a8 00000004 D texture_extension_number
001d38ac 00000004 D texture_mode
001d38b0 00000004 D beamlength
001d38b4 00000020 D ramp1
001d38d4 00000020 D ramp3
001d38f4 00000020 D ramp2
001d3914 00000004 D timescale
001d3918 00000004 D partstep
001d391c 0000000c D avelocity
001d3928 00000054 D keymap
001d397c 00000004 d nextCommandBuffer.0
001d3980 00000001 d firstConsoleInit.0
001d3984 00000004 D currentConsole
001d3988 00000048 D defaultConsole
001d39d0 00000004 d queueLock
001d39d4 00000004 d kCount
001d39d8 00000004 d kInterval
001d39dc 00000004 d kDelay
001d39e0 00000070 d soc_devoptab
001d3a50 00000004 D _impure_ptr
001d3a58 00000460 d impure_data
001d3eb8 00000004 D __malloc_sbrk_base
001d3ebc 00000004 D __malloc_trim_threshold
001d3ec0 00000408 D __malloc_av_
001d42c8 0000016c D __global_locale
001d4434 0000008c D devoptab_list
001d44c0 00000004 d defaultDevice
001d44c4 00000400 d _current_working_directory
001d48c4 00001000 d handles
001d58c4 0000000c d __stderr_handle
001d58d0 0000000c d __stdout_handle
001d58dc 0000000c d __stdin_handle
001d58f0 d _GLOBAL_OFFSET_TABLE_
001d58fc d __frame_dummy_init_array_entry
001d58fc D __init_array_start
001d58fc B __preinit_array_end
001d58fc B __preinit_array_start
001d58fc D __tdata_lma
001d58fc D __tdata_lma_end
001d5900 d __do_global_dtors_aux_fini_array_entry
001d5900 D __fini_array_start
001d5900 D __init_array_end
001d5904 D __bss_start__
001d5904 D __fini_array_end
001d5904 0000000c B chase_dest
001d5910 0000000c B chase_dest_angles
001d591c 0000000c B chase_angles
001d5928 0000000c B chase_pos
001d5934 00000004 B in_impulse
001d5938 0000000c B in_klook
001d5944 0000000c B in_mlook
001d5950 0000000c B in_jump
001d595c 0000000c B in_up
001d5968 0000000c B in_down
001d5974 0000000c B in_speed
001d5980 0000000c B in_strafe
001d598c 0000000c B in_attack
001d5998 0000000c B in_use
001d59a4 0000000c B in_left
001d59b0 0000000c B in_right
001d59bc 0000000c B in_forward
001d59c8 0000000c B in_back
001d59d4 0000000c B in_lookup
001d59e0 0000000c B in_lookdown
001d59ec 0000000c B in_moveleft
001d59f8 0000000c B in_moveright
001d5a08 00000b58 B cl
001d6560 000008f8 B cls
001d6e58 00000580 B cl_dlights
001d73d8 00000004 B cl_numvisedicts
001d73dc 00000400 B cl_visedicts
001d77dc 00001100 B cl_lightstyle
001d88e0 00005c00 B cl_static_entities
001de4e0 0001af40 B cl_entities
001f9420 00002800 B cl_efrags
001fbc20 00000004 b lastmsg.0
001fbc24 00000040 B bitcounts
001fbc68 00000004 B cl_sfx_wizhit
001fbc6c 00000004 B cl_sfx_knighthit
001fbc70 00000004 B cl_sfx_tink1
001fbc74 00000004 B cl_sfx_ric1
001fbc78 00000004 B cl_sfx_ric2
001fbc7c 00000004 B cl_sfx_ric3
001fbc80 00000004 B cl_sfx_r_exp3
001fbc84 00000360 B cl_beams
001fbfe4 00000004 B num_temp_entities
001fbfe8 00002e00 B cl_temp_entities
001fede8 00000001 B cmd_wait
001fedec 00000004 b cmd_argc
001fedf0 00000140 b cmd_argv
001fef30 00000004 b cmd_args
001fef34 00000004 B cmd_alias
001fef38 00000010 B cmd_text
001fef48 00000004 b cmd_functions
001fef4c 00000001 B cmd_source
001fef50 00000004 B trashspot
001fef54 00000004 B trashtest
001fef58 00000004 B com_searchpaths
001fef5c 00000004 B msg_readcount
001fef60 00000001 B msg_badread
001fef64 00000004 B LittleLong
001fef68 00000800 b string.2
001ff768 00000008 b exten.1
001ff770 00000400 B com_token
001ffb70 00000004 B com_argc
001ffb74 00000004 B com_argv
001ffb78 00000100 B com_cmdline
001ffc78 000000e8 b largv
001ffd60 00000001 B rogue
001ffd61 00000001 B hipnotic
001ffd64 00000400 b string.0
00200164 00000080 B com_gamedir
002001e4 00000001 B proghack
002001e8 00000004 B com_filesize
002001ec 00000080 B com_cachedir
0020026c 00000001 B com_modified
00200270 00000004 B BigShort
00200274 00000004 B loadcache
00200278 00000004 B loadsize
0020027c 00000004 B loadbuf
00200280 00000001 B bigendien
00200284 00000004 B LittleShort
00200288 00000004 B BigLong
0020028c 00000004 B BigFloat
00200290 00000004 B LittleFloat
00200294 00000001 B msg_suppress_1
00200298 00000010 B con_times
002002a8 00000004 B con_text
002002ac 00000004 B con_linewidth
002002b0 00000004 B con_totallines
002002b4 00000004 B con_current
002002b8 00000004 B con_backscroll
002002bc 00000004 B con_x
002002c0 00000004 b cr.2
002002c4 00000400 b data.1
002006c4 00000001 B con_debuglog
002006c5 00000001 B con_initialized
002006c6 00000001 b inupdate.0
002006c7 00000001 B con_forcedup
002006c8 00000004 B con_vislines
002006cc 00000004 B con_notifylines
002006d0 00000004 B cvar_vars
002006d8 00000008 B host_time
002006e0 00000001 B host_initialized
002006e4 00000004 B host_client
002006e8 0000005c B host_abortserver
00200744 00000001 b inerror.6
00200748 00000004 B host_hunklevel
00200750 00000008 B realtime
00200758 00000008 B oldrealtime
00200760 00000008 B host_frametime
00200768 00000008 b time1.5
00200770 00000008 b time2.4
00200778 00000004 B host_framecount
00200780 00000008 b time3.3
00200788 00000008 b timetotal.2
00200790 00000004 b timecount.1
00200794 00000004 B minimum_memory
00200798 00000018 B host_parms
002007b0 00000004 B host_basepal
002007b4 00000004 B host_colormap
002007b8 00000001 b isdown.0
002007bc 00000001 B noclip_anglehack
002007c0 00000004 B current_skill
002007c4 00000004 B edit_line
002007c8 00000004 B history_line
002007cc 00000004 B key_linepos
002007d0 00000001 B team_message
002007d4 00000020 B chat_buffer
002007f4 00000001 B key_dest
002007f8 00000004 b chat_bufferlen.1
002007fc 00000002 b tinystr.0
00200800 00000400 B keybindings
00200c00 00000100 B consolekeys
00200d00 00000400 B keyshift
00201100 00000100 B menubound
00201200 00000100 B keydown
00201300 00000004 B key_count
00201304 00000004 B key_lastpress
00201308 00000400 B key_repeats
00201708 00000004 B shift_down
0020170c 00002000 B key_lines
0020370c 0000000c B vec3_origin
00203718 00000004 B m_save_demonum
0020371c 00000001 B m_state
0020371d 00000001 B m_entersound
00203720 00000004 B help_page
00203724 00000010 B setup_myname
00203734 00000010 B setup_hostname
00203744 00000004 B setup_oldtop
00203748 00000004 B setup_top
0020374c 00000004 B setup_oldbottom
00203750 00000004 B setup_bottom
00203754 00000001 B wasInMenus
00203758 00000004 B m_quit_prevstate
0020375c 00000004 B msgNumber
00203760 00000100 B identityTable
00203860 00000100 B translationTable
00203960 00000004 B m_main_cursor
00203964 00000004 B m_singleplayer_cursor
00203968 00000030 B loadable
00203998 000001e0 B m_filenames
00203b78 00000004 B load_cursor
00203b7c 00000004 B m_multiplayer_cursor
00203b80 00000004 B m_net_items
00203b84 00000004 B m_net_cursor
00203b88 00000004 B options_cursor
00203b8c 00000004 B vid_menudrawfn
00203b90 00000004 B bind_grab
00203b94 00000004 B keys_cursor
00203b98 00000004 B vid_menukeyfn
00203b9c 00000004 B serialConfig_cursor
00203ba0 00000004 B serialConfig_irq
00203ba4 00000004 B serialConfig_comport
00203ba8 00000004 B serialConfig_baud
00203bac 00000001 B m_return_onerror
00203bb0 00000020 B m_return_reason
00203bd0 00000010 B serialConfig_phone
00203be0 00000020 B modemConfig_init
00203c00 00000010 B modemConfig_clear
00203c10 00000001 B modemConfig_dialing
00203c14 00000010 B modemConfig_hangup
00203c24 00000004 B modemConfig_cursor
00203c28 00000004 B lanConfig_port
00203c2c 00000006 B lanConfig_portname
00203c34 00000004 B maxplayers
00203c38 00000004 B m_return_state
00203c3c 00000016 B lanConfig_joinname
00203c52 00000001 B searchComplete
00203c54 00000004 B startepisode
00203c58 00000004 B startlevel
00203c5c 00000004 B gameoptions_cursor
00203c60 00000001 B m_serverInfoMessage
00203c68 00000008 B m_serverInfoMessageTime
00203c70 00000008 B searchCompleteTime
00203c78 00000004 B slist_cursor
00203c7c 00000001 B slist_sorted
00203c7d 00000001 B m_recursiveDraw
00203c80 00000004 B m_net_saveHeight
00203c84 00000004 B banAddr
00203c88 00000004 b testDriver
00203c8c 00000004 b net_landriverlevel
00203c90 00000004 b testSocket
00203c94 00000004 b testPollCount
00203c98 00000001 b testInProgress
00203c9c 00000004 b myDriverLevel
00203ca0 00000004 b test2Driver
00203ca4 00000004 b test2Socket
00203ca8 00000001 b test2InProgress
00203cac 00000004 B packetsSent
00203cb0 00000004 B packetsReSent
00203cb4 00000004 B packetsReceived
00203cb8 00000004 B receivedDuplicateCount
00203cbc 00000004 B shortPacketCount
00203cc0 00000004 B droppedDatagrams
00203cc4 00000408 B packetBuffer
002040cc 00000004 b net_broadcastsocket
002040d0 00000004 b net_controlsocket
002040d4 00000010 b broadcastaddr
002040e4 00000016 b buffer.0
002040fc 00000004 b myAddr
00204100 00000004 b SOC_buffer
00204104 00000001 B localconnectpending
00204108 00000004 B loop_client
0020410c 00000004 B loop_server
00204110 00000004 b slistLastShown
00204114 00000004 B hostCacheCount
00204118 00000300 B hostcache
00204418 00000001 b listening
0020441c 00000004 B net_driverlevel
00204420 00000004 B net_hostport
00204428 00000008 B net_time
00204430 00000001 B recording
00204438 00000018 B vcrSendMessage
00204450 00000001 B slistSilent
00204451 00000001 B slistInProgress
00204458 00000008 b slistStartTime
00204460 00000004 b pollProcedureList
00204464 00000004 B net_freeSockets
00204468 00000004 B net_activeconnections
0020446c 00000004 B net_activeSockets
00204470 00000010 B vcrConnect
00204480 00000004 B messagesReceived
00204484 00000004 B unreliableMessagesReceived
00204488 00000018 B vcrGetMessage
002044a0 00000010 B net_message
002044b0 00000004 B messagesSent
002044b4 00000004 B unreliableMessagesSent
002044b8 00000004 B net_numsockets
002044bc 00000040 B my_ipx_address
002044fc 00000040 B my_tcpip_address
0020453c 00000001 B configRestored
0020453d 00000001 B serialAvailable
00204540 00000004 B SetComPortConfig
00204544 00000004 B SetModemConfig
00204548 00000004 B GetModemConfig
0020454c 00000004 B GetComPortConfig
00204550 00000001 B tcpipAvailable
00204551 00000001 B ipxAvailable
00204558 00000010 b next
00204568 00000080 B pr_string_temp
002045e8 00000100 b out.0
002046e8 00000400 B checkpvs
00204ae8 00000004 B c_notvis
00204aec 00000004 B c_invis
00204af0 00000004 B pr_edict_size
00204af4 00000004 B progs
00204af8 00000004 B pr_globaldefs
00204afc 00000004 B pr_fielddefs
00204b00 00000004 B pr_strings
00204b04 00000004 B pr_functions
00204b08 00000088 b gefvCache
00204b90 00000004 b rep.4
00204b94 00000100 b line.3
00204c94 00000100 b line.2
00204d94 00000004 B pr_globals
00204d98 00000080 b line.1
00204e18 00000080 b line.0
00204e98 00000004 B pr_global_struct
00204e9c 00000002 B pr_crc
00204ea0 00000004 B pr_statements
00204ea4 00000004 B pr_depth
00204ea8 00000100 B pr_stack
00204fa8 00000004 B pr_xfunction
00204fac 00000004 B pr_xstatement
00204fb0 00000004 B localstack_used
00204fb4 00000001 B pr_trace
00204fb8 00000004 B pr_argc
00204fbc 00002000 B localstack
00206fbc 00000001 B sb_showscores
00206fc0 00000004 B sb_updates
00206fc4 00000058 B sb_nums
0020701c 00000004 B sb_colon
00207020 00000004 B sb_slash
00207024 000000e0 B sb_weapons
00207104 00000010 B sb_ammo
00207114 0000000c B sb_armor
00207120 00000080 B sb_items
002071a0 00000010 B sb_sigil
002071b0 00000038 B sb_faces
002071e8 00000004 B sb_face_invis
002071ec 00000004 B sb_face_invuln
002071f0 00000004 B sb_face_invis_invuln
002071f4 00000004 B sb_face_quad
002071f8 00000004 B sb_sbar
002071fc 00000004 B sb_ibar
00207200 00000004 B sb_scorebar
00207204 0000008c B hsb_weapons
00207290 00000008 B hsb_items
00207298 00000008 B rsb_invbar
002072a0 00000014 B rsb_weapons
002072b4 00000008 B rsb_items
002072bc 00000004 B rsb_teambord
002072c0 0000000c B rsb_ammo
002072cc 00000004 B scoreboardlines
002072d0 00000040 B fragsort
00207310 00000140 B scoreboardtext
00207450 00000040 B scoreboardtop
00207490 00000040 B scoreboardbottom
002074d0 00000040 B scoreboardcount
00207510 00000500 B localmodels
00207a10 00000014 B svs
00207a24 00000004 B fatbytes
00207a28 00000400 B fatpvs
00207e28 000035e8 B sv
0020b410 00000004 B c_yes
0020b414 00000004 B c_no
0020b418 00000004 B sv_player
0020b41c 00000004 B velocity
0020b420 00000004 B origin
0020b424 00000004 B wishspeed
0020b428 0000000c B wishdir
0020b434 0000000c b up
0020b440 0000000c b right
0020b44c 0000000c b forward
0020b458 00000018 B cmd
0020b470 00000001 B onground
0020b474 00000004 B angles
0020b478 0000000c B up
0020b484 0000000c B right
0020b490 0000000c B forward
0020b49c 00000100 B gammatable
0020b59c 00000004 b oldgammavalue.3
0020b5a0 00000004 B v_dmg_roll
0020b5a4 00000004 B v_dmg_pitch
0020b5a8 00000004 B v_dmg_time
0020b5ac 00000010 B v_blend
0020b5bc 00000300 B ramps
0020b8bc 00000004 b oldyaw.2
0020b8c0 00000004 b oldpitch.1
0020b8c4 00000004 b oldz.0
0020b8c8 00000004 B wad_base
0020b8cc 00000004 B wad_numlumps
0020b8d0 00000004 B wad_lumps
0020b8d4 00130000 b texwadlump
0033b8d8 00000028 b box_hull
0033b900 00000030 b box_clipnodes
0033b930 00000078 b box_planes
0033b9a8 00000004 b sv_numareanodes
0033b9b0 00000400 b sv_areanodes
0033bdb0 00000028 B cache_head
0033bdd8 00000004 B mainzone
0033bddc 00000004 B hunk_base
0033bde0 00000004 B hunk_low_used
0033bde4 00000004 B hunk_size
0033bde8 00000004 B hunk_high_used
0033bdec 00000001 B hunk_tempactive
0033bdf0 00000004 B hunk_tempmark
0033bdf8 00000028 B sys_handles
0033be20 00000008 b initial_tick.3
0033be28 00000018 b parms.2
0033be40 00000004 b time.0
0033be44 00000004 b oldtime.1
0033be48 00000001 B isDedicated
0033be4c 00000004 B sound_started
0033be50 00000004 B shm
0033be54 00000004 B total_channels
0033be58 00000004 B known_sfx
0033be5c 00000004 B num_sfx
0033be60 0000000c B listener_origin
0033be6c 0000000c B listener_right
0033be78 00000010 B ambient_sfx
0033be88 00000001 B snd_initialized
0033be89 00000001 B fakedma
0033be8c 00000004 B paintedtime
0033be90 00000004 b oldsamplepos.3
0033be94 00000004 b buffers.2
0033be98 00000004 B soundtime
0033be9c 00000004 B snd_blocked
0033bea0 0000000c B listener_forward
0033beac 0000000c B listener_up
0033beb8 00000020 B sn
0033bed8 00001a00 B channels
0033d8d8 00000004 B snd_linear_count
0033d8dc 00000004 B snd_p
0033d8e0 00000004 B snd_vol
0033d8e4 00000004 B snd_out
0033d8e8 00008000 B snd_scaletable
003458e8 00001000 B paintbuffer
003468e8 00000004 B data_p
003468ec 00000004 B last_chunk
003468f0 00000004 B iff_end
003468f4 00000004 B iff_chunk_len
003468f8 00000004 B iff_data
003468fc 00000004 B cache_full_cycle
00346900 00000004 b sound_initialized
00346904 00000004 b audio_buffer
00346908 00000018 b wave_buf
00346920 00000004 B numgltextures
00346924 00000004 B char_texture
00346928 00000800 B scrap_allocated
00347128 00000004 B draw_chars
0034712c 00000004 B translate_texture
00347130 00000004 B draw_backtile
00347134 00000004 B texels
00347138 00000004 B scrap_uploads
0034713c 00000004 B scrap_texnum
00347140 00000001 B scrap_dirty
00347144 00000004 B draw_disc
00347148 00000400 B lhcsumtable
00347548 00000004 B pic_count
0034754c 00000004 B pic_texels
00347550 00000004 B menu_numcachepics
00347554 00000100 B vid_gamma_table
00347654 00000004 b oldtarget
00347658 00000004 B image_width
0034765c 00000004 B image_height
00347660 0012c000 b trans.0
00473660 00080000 b scaled.1
004f3660 00200000 b scaled.2
006f3660 00011ee0 B gTexCoordBuffer
00705540 00011ee0 B gColorBuffer
00717420 00011ee0 B gVertexBuffer
00729300 00001000 B menuplyr_pixels
0072a300 00003600 B menu_cachepics
0072d900 00080000 B scrap_texels
007ad900 00017000 B gltextures
007c4900 00000020 B conback_buffer
007c4920 00000200 B stripverts
007c4b20 00000200 B striptris
007c4d20 00000004 B stripcount
007c4d24 00000004 B numorder
007c4d28 00000004 B numcommands
007c4d2c 00000004 B allverts
007c4d30 00000004 B alltris
007c4d34 00000004 B aliasmodel
007c4d38 00000004 B paliashdr
007c4d3c 00008000 B vertexorder
007ccd3c 00008000 B commands
007d4d3c 00002000 B used
007d6d3c 00000400 B mod_novis
007d713c 00000400 b decompressed.0
007d753c 00000004 B mod_numknown
007d7540 00000004 B loadmodel
007d7544 00000004 B mod_base
007d7548 00000020 B loadname
007d7568 00000004 B posenum
007d756c 00000400 B poseverts
007d796c 00000004 B pheader
007d7970 00000004 B player_8bit_texels
007d7974 00000004 B player_8bit_texels_tbl
007d7978 00008000 B triangles
007df978 00003000 B stverts
007e2978 00034800 B mod_known
00817178 00000004 B r_pefragtopnode
0081717c 00000004 B r_addent
00817180 00000004 B lastlink
00817184 0000000c B r_emins
00817190 0000000c B r_emaxs
0081719c 00000004 B r_dlightframecount
008171a0 0000000c B lightspot
008171ac 00000004 B lightplane
008171b0 0000000c B lightcolor
008171c0 00000050 B frustum
00817210 0000000c B vright
0081721c 0000000c B vup
00817228 00000004 B currententity
0081722c 00000004 B lastposenum
00817230 00000004 B shadelight
00817234 0000000c B shadevector
00817240 00000004 B ambientlight
00817244 00000004 B c_alias_polys
00817248 00000004 B playertextures
0081724c 0000000c B r_entorigin
00817258 0000000c B modelorg
00817264 0000000c B r_origin
00817270 00000001 B envmap
00817274 00000094 B r_refdef
00817308 0000000c B vpn
00817314 00000004 B r_framecount
00817318 00000004 B r_oldviewleaf
0081731c 00000004 B r_viewleaf
00817320 00000001 B r_cache_thrash
00817324 00000004 B c_brush_polys
00817328 00000001 B mirror
0081732c 00000004 B mirror_plane
00817330 00000040 B r_world_matrix
00817370 00000040 B r_base_world_matrix
008173b0 00000004 B mirrortexturenum
008173b4 00000004 b trickframe.0
008173b8 000000b8 B r_worldentity
00817470 00000400 B d_lightstylevalue
00817870 00000004 B r_notexture_mip
00817874 00000004 B particletexture
00817878 00000004 B r_visframecount
0081787c 00000f30 B blocklights
008187ac 00000100 B lightmap_polys
008188ac 00000040 B lightmap_modified
008188ec 00000100 B lightmap_rectchange
008189ec 00000004 B lightmap_bytes
008189f0 00000001 B mtexenabled
008189f4 00000004 B lightmap_textures
008189f8 00000004 B qglMTexCoord2fSGIS
008189fc 00000004 B waterchain
00818a00 00000004 B skychain
00818a04 00000004 B currentmodel
00818a08 00000004 B r_pcurrentvertbase
00818a0c 00000004 B nColinElim
00818a10 00000004 B qglSelectTextureSGIS
00818a14 00400000 B lightmaps
00c18a14 00008000 B allocated
00c20a14 00000004 B active_lightmaps
00c20a18 00000044 B vid
00c20a5c 00000004 B glwidth
00c20a60 00000004 B glheight
00c20a64 00000004 B gly
00c20a68 00000004 B glx
00c20a6c 00000400 B scr_centerstring
00c20e6c 00000004 B scr_centertime_off
00c20e70 00000004 B scr_centertime_start
00c20e74 00000004 B scr_center_lines
00c20e78 00000004 B scr_erase_center
00c20e7c 00000004 B scr_copytop
00c20e80 00000004 B scr_erase_lines
00c20e84 00000004 B scr_ram
00c20e88 00000004 B scr_net
00c20e8c 00000004 B scr_turtle
00c20e90 00000001 B scr_initialized
00c20e94 00000014 B scr_vrect
00c20ea8 00000004 b count.0
00c20eac 00000001 B scr_drawloading
00c20eb0 00000004 B scr_conlines
00c20eb4 00000004 B scr_con_current
00c20eb8 00000004 B clearconsole
00c20ebc 00000004 B clearnotify
00c20ec0 00000004 B scr_copyeverything
00c20ec4 00000001 B scr_disabled_for_loading
00c20ec8 00000004 B scr_fullupdate
00c20ecc 00000004 B scr_notifystring
00c20ed0 00000004 B sb_lines
00c20ed4 00000004 B oldfov
00c20ed8 00000004 B oldscreensize
00c20edc 00000001 B scr_drawdialog
00c20edd 00000001 B block_drawing
00c20ee0 00000004 B scr_disabled_time
00c20ee4 00000004 B warpface
00c20ee8 00000004 B speedscale
00c20eec 00000004 B solidskytexture
00c20ef0 00000004 B alphaskytexture
00c20ef4 00000004 B skytexturenum
00c20ef8 00000004 B gl_vendor
00c20efc 00000004 B gl_renderer
00c20f00 00000004 B gl_version
00c20f04 00000004 B gl_extensions
00c20f08 00000400 B d_8to24table
00c21308 00000001 B is8bit
00c21309 00000001 B gl_mtexable
00c2130c 00000004 B gldepthmax
00c21310 00000004 B gldepthmin
00c21314 00010000 B d_15to8table
00c31314 00000004 B r_numparticles
00c31318 00000004 B particles
00c3131c 00000798 B avelocities
00c31ab4 00000004 B free_particles
00c31ab8 00000004 B active_particles
00c31abc 00000004 b tracercount.0
00c31ac0 0000000c B r_ppn
00c31acc 0000000c B r_pup
00c31ad8 0000000c B r_pright
00c31ae4 00000004 B keyboard_toggled
00c31ae8 00000004 b keyboard_overlay
00c31aec 00000004 b touchpad_overlay
00c31af0 00000004 b tfb
00c31af4 00000004 b shift_toggled
00c31af8 00000001 b last_key
00c31afc 00000004 b touch
00c31b00 b completed.1
00c31b04 b object.0
00c31b1c 0000000c b _hookCookie
00c31b28 00000040 b matrix_mvp.0
00c31b68 00000004 B pglState
00c31b70 00000008 b sVramPoolB
00c31b78 00000008 b sVramPoolA
00c31b80 0000000c b sAddrMap
00c31b90 00000008 b sLinearPool
00c31b98 0000000c b sAddrMap
00c31ba4 00000001 V __ctru_speedup
00c31ba8 00000048 B currentCopy
00c31bf0 00000004 b screenAlloc
00c31bf4 00000004 b screenFree
00c31bf8 00000002 b gfxIsDoubleBuf
00c31bfc 00000002 b gfxCurBuf
00c31bfe 00000001 b gfxIsVram
00c31bff 00000001 b gfxTopMode
00c31c00 00000002 b gfxFramebufferFormats
00c31c04 00000004 b gfxBottomFramebufferMaxSize
00c31c08 00000004 b gfxTopFramebufferMaxSize
00c31c10 00000008 b gfxBottomFramebuffers
00c31c18 00000008 b gfxTopFramebuffers
00c31c20 00000004 b boundQueue
00c31c24 00000001 b shouldStop
00c31c25 00000001 b isRunning
00c31c26 00000001 b isActive
00c31c28 00000004 b curQueue
00c31c2c 00000004 B gpuCmdBufOffset
00c31c30 00000004 B gpuCmdBufSize
00c31c34 00000004 B gpuCmdBuf
00c31c38 00000004 b ndspRefCount
00c31c3c 00000048 b ndspMaster
00c31c84 00000004 b ndspThread
00c31c88 00000001 b ndspThreadRun
00c31c8c 00001080 b dspVar5Backup
00c32d0c 00000004 b ndspMutex
00c32d10 00000008 b sleepEvent
00c32d18 00000004 b dspSem
00c32d1c 00000004 b irqEvent
00c32d20 00000008 b ndspHookCookie
00c32d28 00000001 b componentFree
00c32d2a 00000002 b componentDataMask
00c32d2c 00000002 b componentProgMask
00c32d30 00000004 b componentSize
00c32d34 00000004 b componentBin
00c32d38 00000004 b frameCount
00c32d3c 00000004 b droppedFrames
00c32d40 00000001 b bCancelReceived
00c32d41 00000001 b bSleeping
00c32d42 00000001 b bEnteringSleep
00c32d43 00000001 b bDspReady
00c32d44 00000080 B ndspVars
00c32dc4 00000002 B ndspBufferId
00c32dc6 00000002 B ndspBufferCurId
00c32dc8 00000002 B ndspFrameId
00c32dcc 00000c60 b ndspChn
00c33a2c 00000004 b cfguRefCount
00c33a30 00000004 b cfguHandle
00c33a34 00000002 b dspSavedCompDataMask
00c33a36 00000002 b dspSavedCompProgMask
00c33a38 00000004 b dspSavedCompSize
00c33a3c 00000004 b dspSavedCompBin
00c33a40 00000001 b dspSleeping
00c33a41 00000001 b dspComponentLoaded
00c33a44 00000008 b dspFirstHook
00c33a4c 00000004 b dspRefCount
00c33a50 00000004 b dspHandle
00c33a54 00000007 b gspEventCbOneShot
00c33a5c 0000001c b gspEventCbData
00c33a78 0000001c b gspEventCb
00c33a94 00000038 b gspEvents
00c33acc 00000004 b gspLastEvent
00c33ad0 00000001 b gspRunEvents
00c33ad4 00000004 b gspEventThread
00c33ad8 00000004 b gspEvent
00c33adc 00000001 b gspGpuRight
00c33add 00000001 b gspThreadId
00c33ae0 00000004 b gspSharedMem
00c33ae4 00000004 b gspSharedMemHandle
00c33ae8 00000004 b gspRefCount
00c33aec 00000004 b gspGpuHandle
00c33af0 00000001 b flagValue.0
00c33af1 00000001 b flagInit.1
00c33af4 00000004 b serviceName.6
00c33af8 00000001 b aptChainloadMediatype
00c33b00 00000008 b aptChainloadTid
00c33b08 00000001 b aptChainloadFlags
00c33b0c 00001000 b aptParameters
00c34b0c 00000004 b aptFlags
00c34b10 00000001 b aptHomeButtonState
00c34b14 00000004 b aptMessageFuncData
00c34b18 00000004 b aptMessageFunc
00c34b1c 0000000c b aptFirstHook
00c34b28 00000001 b aptEventHandlerThreadQuit
00c34b2c 00000004 b aptEventHandlerThread
00c34b30 00000008 b aptSleepEvent
00c34b38 00000008 b aptReceiveEvent
00c34b40 00000008 b aptEvents
00c34b48 00000004 b aptLockHandle
00c34b4c 00000004 b aptRefCount
00c34b50 00000001 b usingIrrst
00c34b54 00000004 b hidRefCount
00c34b58 00000006 b gRate
00c34b60 00000006 b aVec
00c34b68 00000004 b cPos
00c34b6c 00000004 b tPos
00c34b70 00000004 b kRepeat
00c34b74 00000004 b kUp
00c34b78 00000004 b kDown
00c34b7c 00000004 b kHeld
00c34b80 00000004 b kOld
00c34b84 00000004 B hidSharedMem
00c34b88 00000014 B hidEvents
00c34b9c 00000004 B hidMemHandle
00c34ba0 00000004 B hidHandle
00c34ba4 00000004 b ptmSysmRefCount
00c34ba8 00000004 b ptmSysmHandle
00c34bb0 00000080 b fsExemptArchives
00c34c30 00000004 b fsuRefCount
00c34c34 00000004 b fsuHandle
00c34c38 00001a88 b outbuf.0
00c366c0 00000004 b SOC_hostent_alias
00c366c4 00000044 b SOC_hostent_results
00c36708 00000018 b SOC_hostent
00c36720 00001a88 b outbuf.0
00c381a8 00000004 b SOC_hostent_alias
00c381ac 00000044 b SOC_hostent_results
00c381f0 00000018 b SOC_hostent
00c38208 00000004 B h_errno
00c3820c 00000004 B socMemhandle
00c38210 00000004 B SOCU_handle
00c38214 00000010 b buffer
00c38224 00000004 V __ctru_heap_size
00c38228 00000004 B __ctru_linear_heap
00c3822c 00000004 B __ctru_heap
00c38230 00000004 B __system_retAddr
00c38234 00000004 B __system_argv
00c38238 00000004 B __system_argc
00c3823c b saved_stack
00c38244 00000004 b arbiter
00c38248 00000004 B __3dslink_host
00c3824c 00000004 b srvRefCount
00c38250 00000004 b srvHandle
00c38254 00000004 b currentAddr
00c38258 00000004 b maxAddr
00c3825c 00000004 b minAddr
00c38260 00000004 b irrstRefCount
00c38264 00000004 b csPos
00c38268 00000004 b kHeld
00c3826c 00000004 B irrstSharedMem
00c38270 00000004 B irrstEvent
00c38274 00000004 B irrstMemHandle
00c38278 00000004 B irrstHandle
00c3827c 00000004 b srvPmHandle
00c38280 00000540 b archive_devices
00c387c0 00000004 b archive_device_cwd
00c387c4 00000001 b archive_initialized
00c387c8 0000000c b __sinit_recursive_mutex
00c387d4 0000000c b __sfp_recursive_mutex
00c387e0 00000028 B __malloc_current_mallinfo
00c38808 00000004 B __malloc_max_total_mem
00c3880c 00000004 B __malloc_max_sbrked_mem
00c38810 00000004 B __malloc_top_pad
00c38814 0000000c b __malloc_recursive_mutex
00c38820 0000000c B __atexit_recursive_mutex
00c3882c 00000004 b heap_start.0
00c38830 00000004 B fake_heap_start
00c38834 00000004 B fake_heap_end
00c38838 00000400 b temp_cwd
00c38c38 00000004 b __hndl_lock
00c38c3c B __tls_start
00c39844 B __bss_end__
00c39844 A __end__
00c39844 B __tls_end
